mode: set
github.com/rossigee/provider-libvirt/apis/v1alpha1/domain_types.go:254.70,256.2 1 0
github.com/rossigee/provider-libvirt/apis/v1alpha1/domain_types.go:259.54,261.2 1 0
github.com/rossigee/provider-libvirt/apis/v1alpha1/domain_types.go:264.59,266.2 1 0
github.com/rossigee/provider-libvirt/apis/v1alpha1/domain_types.go:269.60,271.2 1 0
github.com/rossigee/provider-libvirt/apis/v1alpha1/domain_types.go:274.64,276.2 1 0
github.com/rossigee/provider-libvirt/apis/v1alpha1/domain_types.go:279.65,281.2 1 0
github.com/rossigee/provider-libvirt/apis/v1alpha1/domain_types.go:284.84,286.2 1 0
github.com/rossigee/provider-libvirt/apis/v1alpha1/domain_types.go:289.85,291.2 1 0
github.com/rossigee/provider-libvirt/apis/v1alpha1/domain_types.go:294.67,296.2 1 0
github.com/rossigee/provider-libvirt/apis/v1alpha1/domain_types.go:299.68,301.2 1 0
github.com/rossigee/provider-libvirt/apis/v1alpha1/domain_types.go:304.79,306.2 1 0
github.com/rossigee/provider-libvirt/apis/v1alpha1/domain_types.go:309.80,311.2 1 0
github.com/rossigee/provider-libvirt/apis/v1alpha1/domain_types.go:330.13,332.2 1 0
github.com/rossigee/provider-libvirt/apis/v1alpha1/network_types.go:483.71,485.2 1 0
github.com/rossigee/provider-libvirt/apis/v1alpha1/network_types.go:488.55,490.2 1 0
github.com/rossigee/provider-libvirt/apis/v1alpha1/network_types.go:493.60,495.2 1 0
github.com/rossigee/provider-libvirt/apis/v1alpha1/network_types.go:498.61,500.2 1 0
github.com/rossigee/provider-libvirt/apis/v1alpha1/network_types.go:503.65,505.2 1 0
github.com/rossigee/provider-libvirt/apis/v1alpha1/network_types.go:508.66,510.2 1 0
github.com/rossigee/provider-libvirt/apis/v1alpha1/network_types.go:513.85,515.2 1 0
github.com/rossigee/provider-libvirt/apis/v1alpha1/network_types.go:518.86,520.2 1 0
github.com/rossigee/provider-libvirt/apis/v1alpha1/network_types.go:523.68,525.2 1 0
github.com/rossigee/provider-libvirt/apis/v1alpha1/network_types.go:528.69,530.2 1 0
github.com/rossigee/provider-libvirt/apis/v1alpha1/network_types.go:533.80,535.2 1 0
github.com/rossigee/provider-libvirt/apis/v1alpha1/network_types.go:538.81,540.2 1 0
github.com/rossigee/provider-libvirt/apis/v1alpha1/network_types.go:558.13,560.2 1 0
github.com/rossigee/provider-libvirt/apis/v1alpha1/providerconfig_types.go:60.77,62.2 1 0
github.com/rossigee/provider-libvirt/apis/v1alpha1/providerconfig_types.go:65.61,67.2 1 0
github.com/rossigee/provider-libvirt/apis/v1alpha1/providerconfig_types.go:70.43,72.2 1 0
github.com/rossigee/provider-libvirt/apis/v1alpha1/providerconfig_types.go:75.44,77.2 1 0
github.com/rossigee/provider-libvirt/apis/v1alpha1/providerconfig_types.go:95.13,97.2 1 0
github.com/rossigee/provider-libvirt/apis/v1alpha1/providerconfigusage_types.go:31.76,33.2 1 0
github.com/rossigee/provider-libvirt/apis/v1alpha1/providerconfigusage_types.go:36.77,38.2 1 0
github.com/rossigee/provider-libvirt/apis/v1alpha1/providerconfigusage_types.go:41.75,43.2 1 0
github.com/rossigee/provider-libvirt/apis/v1alpha1/providerconfigusage_types.go:46.76,48.2 1 0
github.com/rossigee/provider-libvirt/apis/v1alpha1/providerconfigusage_types.go:75.13,77.2 1 0
github.com/rossigee/provider-libvirt/apis/v1alpha1/secret_types.go:241.70,243.2 1 0
github.com/rossigee/provider-libvirt/apis/v1alpha1/secret_types.go:246.54,248.2 1 0
github.com/rossigee/provider-libvirt/apis/v1alpha1/secret_types.go:251.59,253.2 1 0
github.com/rossigee/provider-libvirt/apis/v1alpha1/secret_types.go:256.60,258.2 1 0
github.com/rossigee/provider-libvirt/apis/v1alpha1/secret_types.go:261.64,263.2 1 0
github.com/rossigee/provider-libvirt/apis/v1alpha1/secret_types.go:266.65,268.2 1 0
github.com/rossigee/provider-libvirt/apis/v1alpha1/secret_types.go:271.84,273.2 1 0
github.com/rossigee/provider-libvirt/apis/v1alpha1/secret_types.go:276.85,278.2 1 0
github.com/rossigee/provider-libvirt/apis/v1alpha1/secret_types.go:281.67,283.2 1 0
github.com/rossigee/provider-libvirt/apis/v1alpha1/secret_types.go:286.68,288.2 1 0
github.com/rossigee/provider-libvirt/apis/v1alpha1/secret_types.go:291.79,293.2 1 0
github.com/rossigee/provider-libvirt/apis/v1alpha1/secret_types.go:296.80,298.2 1 0
github.com/rossigee/provider-libvirt/apis/v1alpha1/secret_types.go:316.13,318.2 1 0
github.com/rossigee/provider-libvirt/apis/v1alpha1/storagepool_types.go:362.75,364.2 1 0
github.com/rossigee/provider-libvirt/apis/v1alpha1/storagepool_types.go:367.59,369.2 1 0
github.com/rossigee/provider-libvirt/apis/v1alpha1/storagepool_types.go:372.64,374.2 1 0
github.com/rossigee/provider-libvirt/apis/v1alpha1/storagepool_types.go:377.65,379.2 1 0
github.com/rossigee/provider-libvirt/apis/v1alpha1/storagepool_types.go:382.69,384.2 1 0
github.com/rossigee/provider-libvirt/apis/v1alpha1/storagepool_types.go:387.70,389.2 1 0
github.com/rossigee/provider-libvirt/apis/v1alpha1/storagepool_types.go:392.89,394.2 1 0
github.com/rossigee/provider-libvirt/apis/v1alpha1/storagepool_types.go:397.90,399.2 1 0
github.com/rossigee/provider-libvirt/apis/v1alpha1/storagepool_types.go:402.72,404.2 1 0
github.com/rossigee/provider-libvirt/apis/v1alpha1/storagepool_types.go:407.73,409.2 1 0
github.com/rossigee/provider-libvirt/apis/v1alpha1/storagepool_types.go:412.84,414.2 1 0
github.com/rossigee/provider-libvirt/apis/v1alpha1/storagepool_types.go:417.85,419.2 1 0
github.com/rossigee/provider-libvirt/apis/v1alpha1/storagepool_types.go:437.13,439.2 1 0
github.com/rossigee/provider-libvirt/apis/v1alpha1/volume_types.go:272.70,274.2 1 0
github.com/rossigee/provider-libvirt/apis/v1alpha1/volume_types.go:277.54,279.2 1 0
github.com/rossigee/provider-libvirt/apis/v1alpha1/volume_types.go:282.59,284.2 1 0
github.com/rossigee/provider-libvirt/apis/v1alpha1/volume_types.go:287.60,289.2 1 0
github.com/rossigee/provider-libvirt/apis/v1alpha1/volume_types.go:292.64,294.2 1 0
github.com/rossigee/provider-libvirt/apis/v1alpha1/volume_types.go:297.65,299.2 1 0
github.com/rossigee/provider-libvirt/apis/v1alpha1/volume_types.go:302.84,304.2 1 0
github.com/rossigee/provider-libvirt/apis/v1alpha1/volume_types.go:307.85,309.2 1 0
github.com/rossigee/provider-libvirt/apis/v1alpha1/volume_types.go:312.67,314.2 1 0
github.com/rossigee/provider-libvirt/apis/v1alpha1/volume_types.go:317.68,319.2 1 0
github.com/rossigee/provider-libvirt/apis/v1alpha1/volume_types.go:322.79,324.2 1 0
github.com/rossigee/provider-libvirt/apis/v1alpha1/volume_types.go:327.80,329.2 1 0
github.com/rossigee/provider-libvirt/apis/v1alpha1/volume_types.go:347.13,349.2 1 0
github.com/rossigee/provider-libvirt/apis/v1alpha1/zz_generated.deepcopy.go:29.61,31.19 2 0
github.com/rossigee/provider-libvirt/apis/v1alpha1/zz_generated.deepcopy.go:31.19,35.3 3 0
github.com/rossigee/provider-libvirt/apis/v1alpha1/zz_generated.deepcopy.go:36.2,36.24 1 0
github.com/rossigee/provider-libvirt/apis/v1alpha1/zz_generated.deepcopy.go:36.24,40.3 3 0
github.com/rossigee/provider-libvirt/apis/v1alpha1/zz_generated.deepcopy.go:44.54,45.15 1 0
github.com/rossigee/provider-libvirt/apis/v1alpha1/zz_generated.deepcopy.go:45.15,47.3 1 0
github.com/rossigee/provider-libvirt/apis/v1alpha1/zz_generated.deepcopy.go:48.2,50.12 3 0
github.com/rossigee/provider-libvirt/apis/v1alpha1/zz_generated.deepcopy.go:54.45,60.2 5 0
github.com/rossigee/provider-libvirt/apis/v1alpha1/zz_generated.deepcopy.go:63.38,64.15 1 0
github.com/rossigee/provider-libvirt/apis/v1alpha1/zz_generated.deepcopy.go:64.15,66.3 1 0
github.com/rossigee/provider-libvirt/apis/v1alpha1/zz_generated.deepcopy.go:67.2,69.12 3 0
github.com/rossigee/provider-libvirt/apis/v1alpha1/zz_generated.deepcopy.go:73.51,74.34 1 0
github.com/rossigee/provider-libvirt/apis/v1alpha1/zz_generated.deepcopy.go:74.34,76.3 1 0
github.com/rossigee/provider-libvirt/apis/v1alpha1/zz_generated.deepcopy.go:77.2,77.12 1 0
github.com/rossigee/provider-libvirt/apis/v1alpha1/zz_generated.deepcopy.go:81.59,83.2 1 0
github.com/rossigee/provider-libvirt/apis/v1alpha1/zz_generated.deepcopy.go:86.52,87.15 1 0
github.com/rossigee/provider-libvirt/apis/v1alpha1/zz_generated.deepcopy.go:87.15,89.3 1 0
github.com/rossigee/provider-libvirt/apis/v1alpha1/zz_generated.deepcopy.go:90.2,92.12 3 0
github.com/rossigee/provider-libvirt/apis/v1alpha1/zz_generated.deepcopy.go:96.53,98.25 2 0
github.com/rossigee/provider-libvirt/apis/v1alpha1/zz_generated.deepcopy.go:98.25,102.3 3 0
github.com/rossigee/provider-libvirt/apis/v1alpha1/zz_generated.deepcopy.go:103.2,103.25 1 0
github.com/rossigee/provider-libvirt/apis/v1alpha1/zz_generated.deepcopy.go:103.25,107.3 3 0
github.com/rossigee/provider-libvirt/apis/v1alpha1/zz_generated.deepcopy.go:111.46,112.15 1 0
github.com/rossigee/provider-libvirt/apis/v1alpha1/zz_generated.deepcopy.go:112.15,114.3 1 0
github.com/rossigee/provider-libvirt/apis/v1alpha1/zz_generated.deepcopy.go:115.2,117.12 3 0
github.com/rossigee/provider-libvirt/apis/v1alpha1/zz_generated.deepcopy.go:121.61,123.2 1 0
github.com/rossigee/provider-libvirt/apis/v1alpha1/zz_generated.deepcopy.go:126.54,127.15 1 0
github.com/rossigee/provider-libvirt/apis/v1alpha1/zz_generated.deepcopy.go:127.15,129.3 1 0
github.com/rossigee/provider-libvirt/apis/v1alpha1/zz_generated.deepcopy.go:130.2,132.12 3 0
github.com/rossigee/provider-libvirt/apis/v1alpha1/zz_generated.deepcopy.go:136.53,140.21 4 0
github.com/rossigee/provider-libvirt/apis/v1alpha1/zz_generated.deepcopy.go:140.21,143.22 3 0
github.com/rossigee/provider-libvirt/apis/v1alpha1/zz_generated.deepcopy.go:143.22,145.4 1 0
github.com/rossigee/provider-libvirt/apis/v1alpha1/zz_generated.deepcopy.go:150.46,151.15 1 0
github.com/rossigee/provider-libvirt/apis/v1alpha1/zz_generated.deepcopy.go:151.15,153.3 1 0
github.com/rossigee/provider-libvirt/apis/v1alpha1/zz_generated.deepcopy.go:154.2,156.12 3 0
github.com/rossigee/provider-libvirt/apis/v1alpha1/zz_generated.deepcopy.go:160.55,161.34 1 0
github.com/rossigee/provider-libvirt/apis/v1alpha1/zz_generated.deepcopy.go:161.34,163.3 1 0
github.com/rossigee/provider-libvirt/apis/v1alpha1/zz_generated.deepcopy.go:164.2,164.12 1 0
github.com/rossigee/provider-libvirt/apis/v1alpha1/zz_generated.deepcopy.go:168.77,170.26 2 0
github.com/rossigee/provider-libvirt/apis/v1alpha1/zz_generated.deepcopy.go:170.26,174.3 3 0
github.com/rossigee/provider-libvirt/apis/v1alpha1/zz_generated.deepcopy.go:178.70,179.15 1 0
github.com/rossigee/provider-libvirt/apis/v1alpha1/zz_generated.deepcopy.go:179.15,181.3 1 0
github.com/rossigee/provider-libvirt/apis/v1alpha1/zz_generated.deepcopy.go:182.2,184.12 3 0
github.com/rossigee/provider-libvirt/apis/v1alpha1/zz_generated.deepcopy.go:188.89,190.25 2 0
github.com/rossigee/provider-libvirt/apis/v1alpha1/zz_generated.deepcopy.go:190.25,194.3 3 0
github.com/rossigee/provider-libvirt/apis/v1alpha1/zz_generated.deepcopy.go:198.82,199.15 1 0
github.com/rossigee/provider-libvirt/apis/v1alpha1/zz_generated.deepcopy.go:199.15,201.3 1 0
github.com/rossigee/provider-libvirt/apis/v1alpha1/zz_generated.deepcopy.go:202.2,204.12 3 0
github.com/rossigee/provider-libvirt/apis/v1alpha1/zz_generated.deepcopy.go:208.67,210.33 2 0
github.com/rossigee/provider-libvirt/apis/v1alpha1/zz_generated.deepcopy.go:210.33,213.22 3 0
github.com/rossigee/provider-libvirt/apis/v1alpha1/zz_generated.deepcopy.go:213.22,215.4 1 0
github.com/rossigee/provider-libvirt/apis/v1alpha1/zz_generated.deepcopy.go:220.60,221.15 1 0
github.com/rossigee/provider-libvirt/apis/v1alpha1/zz_generated.deepcopy.go:221.15,223.3 1 0
github.com/rossigee/provider-libvirt/apis/v1alpha1/zz_generated.deepcopy.go:224.2,226.12 3 0
github.com/rossigee/provider-libvirt/apis/v1alpha1/zz_generated.deepcopy.go:230.65,232.20 2 0
github.com/rossigee/provider-libvirt/apis/v1alpha1/zz_generated.deepcopy.go:232.20,236.3 3 0
github.com/rossigee/provider-libvirt/apis/v1alpha1/zz_generated.deepcopy.go:237.2,237.20 1 0
github.com/rossigee/provider-libvirt/apis/v1alpha1/zz_generated.deepcopy.go:237.20,240.22 3 0
github.com/rossigee/provider-libvirt/apis/v1alpha1/zz_generated.deepcopy.go:240.22,242.4 1 0
github.com/rossigee/provider-libvirt/apis/v1alpha1/zz_generated.deepcopy.go:244.2,244.32 1 0
github.com/rossigee/provider-libvirt/apis/v1alpha1/zz_generated.deepcopy.go:244.32,247.22 3 0
github.com/rossigee/provider-libvirt/apis/v1alpha1/zz_generated.deepcopy.go:247.22,249.4 1 0
github.com/rossigee/provider-libvirt/apis/v1alpha1/zz_generated.deepcopy.go:251.2,251.23 1 0
github.com/rossigee/provider-libvirt/apis/v1alpha1/zz_generated.deepcopy.go:251.23,255.3 3 0
github.com/rossigee/provider-libvirt/apis/v1alpha1/zz_generated.deepcopy.go:256.2,256.24 1 0
github.com/rossigee/provider-libvirt/apis/v1alpha1/zz_generated.deepcopy.go:256.24,260.3 3 0
github.com/rossigee/provider-libvirt/apis/v1alpha1/zz_generated.deepcopy.go:264.58,265.15 1 0
github.com/rossigee/provider-libvirt/apis/v1alpha1/zz_generated.deepcopy.go:265.15,267.3 1 0
github.com/rossigee/provider-libvirt/apis/v1alpha1/zz_generated.deepcopy.go:268.2,270.12 3 0
github.com/rossigee/provider-libvirt/apis/v1alpha1/zz_generated.deepcopy.go:274.53,278.2 3 0
github.com/rossigee/provider-libvirt/apis/v1alpha1/zz_generated.deepcopy.go:281.46,282.15 1 0
github.com/rossigee/provider-libvirt/apis/v1alpha1/zz_generated.deepcopy.go:282.15,284.3 1 0
github.com/rossigee/provider-libvirt/apis/v1alpha1/zz_generated.deepcopy.go:285.2,287.12 3 0
github.com/rossigee/provider-libvirt/apis/v1alpha1/zz_generated.deepcopy.go:291.57,295.2 3 0
github.com/rossigee/provider-libvirt/apis/v1alpha1/zz_generated.deepcopy.go:298.50,299.15 1 0
github.com/rossigee/provider-libvirt/apis/v1alpha1/zz_generated.deepcopy.go:299.15,301.3 1 0
github.com/rossigee/provider-libvirt/apis/v1alpha1/zz_generated.deepcopy.go:302.2,304.12 3 0
github.com/rossigee/provider-libvirt/apis/v1alpha1/zz_generated.deepcopy.go:308.63,310.24 2 0
github.com/rossigee/provider-libvirt/apis/v1alpha1/zz_generated.deepcopy.go:310.24,314.3 3 0
github.com/rossigee/provider-libvirt/apis/v1alpha1/zz_generated.deepcopy.go:318.56,319.15 1 0
github.com/rossigee/provider-libvirt/apis/v1alpha1/zz_generated.deepcopy.go:319.15,321.3 1 0
github.com/rossigee/provider-libvirt/apis/v1alpha1/zz_generated.deepcopy.go:322.2,324.12 3 0
github.com/rossigee/provider-libvirt/apis/v1alpha1/zz_generated.deepcopy.go:328.47,334.2 5 0
github.com/rossigee/provider-libvirt/apis/v1alpha1/zz_generated.deepcopy.go:337.40,338.15 1 0
github.com/rossigee/provider-libvirt/apis/v1alpha1/zz_generated.deepcopy.go:338.15,340.3 1 0
github.com/rossigee/provider-libvirt/apis/v1alpha1/zz_generated.deepcopy.go:341.2,343.12 3 0
github.com/rossigee/provider-libvirt/apis/v1alpha1/zz_generated.deepcopy.go:347.52,348.34 1 0
github.com/rossigee/provider-libvirt/apis/v1alpha1/zz_generated.deepcopy.go:348.34,350.3 1 0
github.com/rossigee/provider-libvirt/apis/v1alpha1/zz_generated.deepcopy.go:351.2,351.12 1 0
github.com/rossigee/provider-libvirt/apis/v1alpha1/zz_generated.deepcopy.go:355.57,357.2 1 0
github.com/rossigee/provider-libvirt/apis/v1alpha1/zz_generated.deepcopy.go:360.50,361.15 1 0
github.com/rossigee/provider-libvirt/apis/v1alpha1/zz_generated.deepcopy.go:361.15,363.3 1 0
github.com/rossigee/provider-libvirt/apis/v1alpha1/zz_generated.deepcopy.go:364.2,366.12 3 0
github.com/rossigee/provider-libvirt/apis/v1alpha1/zz_generated.deepcopy.go:370.59,372.19 2 0
github.com/rossigee/provider-libvirt/apis/v1alpha1/zz_generated.deepcopy.go:372.19,376.3 3 0
github.com/rossigee/provider-libvirt/apis/v1alpha1/zz_generated.deepcopy.go:377.2,377.21 1 0
github.com/rossigee/provider-libvirt/apis/v1alpha1/zz_generated.deepcopy.go:377.21,381.3 3 0
github.com/rossigee/provider-libvirt/apis/v1alpha1/zz_generated.deepcopy.go:385.52,386.15 1 0
github.com/rossigee/provider-libvirt/apis/v1alpha1/zz_generated.deepcopy.go:386.15,388.3 1 0
github.com/rossigee/provider-libvirt/apis/v1alpha1/zz_generated.deepcopy.go:389.2,391.12 3 0
github.com/rossigee/provider-libvirt/apis/v1alpha1/zz_generated.deepcopy.go:395.55,397.23 2 0
github.com/rossigee/provider-libvirt/apis/v1alpha1/zz_generated.deepcopy.go:397.23,401.3 3 0
github.com/rossigee/provider-libvirt/apis/v1alpha1/zz_generated.deepcopy.go:402.2,402.21 1 0
github.com/rossigee/provider-libvirt/apis/v1alpha1/zz_generated.deepcopy.go:402.21,406.3 3 0
github.com/rossigee/provider-libvirt/apis/v1alpha1/zz_generated.deepcopy.go:407.2,407.21 1 0
github.com/rossigee/provider-libvirt/apis/v1alpha1/zz_generated.deepcopy.go:407.21,411.3 3 0
github.com/rossigee/provider-libvirt/apis/v1alpha1/zz_generated.deepcopy.go:412.2,412.21 1 0
github.com/rossigee/provider-libvirt/apis/v1alpha1/zz_generated.deepcopy.go:412.21,416.3 3 0
github.com/rossigee/provider-libvirt/apis/v1alpha1/zz_generated.deepcopy.go:420.48,421.15 1 0
github.com/rossigee/provider-libvirt/apis/v1alpha1/zz_generated.deepcopy.go:421.15,423.3 1 0
github.com/rossigee/provider-libvirt/apis/v1alpha1/zz_generated.deepcopy.go:424.2,426.12 3 0
github.com/rossigee/provider-libvirt/apis/v1alpha1/zz_generated.deepcopy.go:430.63,432.2 1 0
github.com/rossigee/provider-libvirt/apis/v1alpha1/zz_generated.deepcopy.go:435.56,436.15 1 0
github.com/rossigee/provider-libvirt/apis/v1alpha1/zz_generated.deepcopy.go:436.15,438.3 1 0
github.com/rossigee/provider-libvirt/apis/v1alpha1/zz_generated.deepcopy.go:439.2,441.12 3 0
github.com/rossigee/provider-libvirt/apis/v1alpha1/zz_generated.deepcopy.go:445.65,447.2 1 0
github.com/rossigee/provider-libvirt/apis/v1alpha1/zz_generated.deepcopy.go:450.58,451.15 1 0
github.com/rossigee/provider-libvirt/apis/v1alpha1/zz_generated.deepcopy.go:451.15,453.3 1 0
github.com/rossigee/provider-libvirt/apis/v1alpha1/zz_generated.deepcopy.go:454.2,456.12 3 0
github.com/rossigee/provider-libvirt/apis/v1alpha1/zz_generated.deepcopy.go:460.53,462.22 2 0
github.com/rossigee/provider-libvirt/apis/v1alpha1/zz_generated.deepcopy.go:462.22,466.3 3 0
github.com/rossigee/provider-libvirt/apis/v1alpha1/zz_generated.deepcopy.go:467.2,467.26 1 0
github.com/rossigee/provider-libvirt/apis/v1alpha1/zz_generated.deepcopy.go:467.26,470.22 3 0
github.com/rossigee/provider-libvirt/apis/v1alpha1/zz_generated.deepcopy.go:470.22,472.4 1 0
github.com/rossigee/provider-libvirt/apis/v1alpha1/zz_generated.deepcopy.go:474.2,474.21 1 0
github.com/rossigee/provider-libvirt/apis/v1alpha1/zz_generated.deepcopy.go:474.21,478.3 3 0
github.com/rossigee/provider-libvirt/apis/v1alpha1/zz_generated.deepcopy.go:479.2,479.19 1 0
github.com/rossigee/provider-libvirt/apis/v1alpha1/zz_generated.deepcopy.go:479.19,482.22 3 0
github.com/rossigee/provider-libvirt/apis/v1alpha1/zz_generated.deepcopy.go:482.22,484.4 1 0
github.com/rossigee/provider-libvirt/apis/v1alpha1/zz_generated.deepcopy.go:486.2,486.19 1 0
github.com/rossigee/provider-libvirt/apis/v1alpha1/zz_generated.deepcopy.go:486.19,490.3 3 0
github.com/rossigee/provider-libvirt/apis/v1alpha1/zz_generated.deepcopy.go:494.46,495.15 1 0
github.com/rossigee/provider-libvirt/apis/v1alpha1/zz_generated.deepcopy.go:495.15,497.3 1 0
github.com/rossigee/provider-libvirt/apis/v1alpha1/zz_generated.deepcopy.go:498.2,500.12 3 0
github.com/rossigee/provider-libvirt/apis/v1alpha1/zz_generated.deepcopy.go:504.71,506.20 2 0
github.com/rossigee/provider-libvirt/apis/v1alpha1/zz_generated.deepcopy.go:506.20,510.3 3 0
github.com/rossigee/provider-libvirt/apis/v1alpha1/zz_generated.deepcopy.go:514.64,515.15 1 0
github.com/rossigee/provider-libvirt/apis/v1alpha1/zz_generated.deepcopy.go:515.15,517.3 1 0
github.com/rossigee/provider-libvirt/apis/v1alpha1/zz_generated.deepcopy.go:518.2,520.12 3 0
github.com/rossigee/provider-libvirt/apis/v1alpha1/zz_generated.deepcopy.go:524.61,526.2 1 0
github.com/rossigee/provider-libvirt/apis/v1alpha1/zz_generated.deepcopy.go:529.54,530.15 1 0
github.com/rossigee/provider-libvirt/apis/v1alpha1/zz_generated.deepcopy.go:530.15,532.3 1 0
github.com/rossigee/provider-libvirt/apis/v1alpha1/zz_generated.deepcopy.go:533.2,535.12 3 0
github.com/rossigee/provider-libvirt/apis/v1alpha1/zz_generated.deepcopy.go:539.59,541.24 2 0
github.com/rossigee/provider-libvirt/apis/v1alpha1/zz_generated.deepcopy.go:541.24,545.3 3 0
github.com/rossigee/provider-libvirt/apis/v1alpha1/zz_generated.deepcopy.go:546.2,546.22 1 0
github.com/rossigee/provider-libvirt/apis/v1alpha1/zz_generated.deepcopy.go:546.22,550.3 3 0
github.com/rossigee/provider-libvirt/apis/v1alpha1/zz_generated.deepcopy.go:554.52,555.15 1 0
github.com/rossigee/provider-libvirt/apis/v1alpha1/zz_generated.deepcopy.go:555.15,557.3 1 0
github.com/rossigee/provider-libvirt/apis/v1alpha1/zz_generated.deepcopy.go:558.2,560.12 3 0
github.com/rossigee/provider-libvirt/apis/v1alpha1/zz_generated.deepcopy.go:564.59,566.2 1 0
github.com/rossigee/provider-libvirt/apis/v1alpha1/zz_generated.deepcopy.go:569.52,570.15 1 0
github.com/rossigee/provider-libvirt/apis/v1alpha1/zz_generated.deepcopy.go:570.15,572.3 1 0
github.com/rossigee/provider-libvirt/apis/v1alpha1/zz_generated.deepcopy.go:573.2,575.12 3 0
github.com/rossigee/provider-libvirt/apis/v1alpha1/zz_generated.deepcopy.go:579.59,581.25 2 0
github.com/rossigee/provider-libvirt/apis/v1alpha1/zz_generated.deepcopy.go:581.25,585.3 3 0
github.com/rossigee/provider-libvirt/apis/v1alpha1/zz_generated.deepcopy.go:589.52,590.15 1 0
github.com/rossigee/provider-libvirt/apis/v1alpha1/zz_generated.deepcopy.go:590.15,592.3 1 0
github.com/rossigee/provider-libvirt/apis/v1alpha1/zz_generated.deepcopy.go:593.2,595.12 3 0
github.com/rossigee/provider-libvirt/apis/v1alpha1/zz_generated.deepcopy.go:599.61,601.23 2 0
github.com/rossigee/provider-libvirt/apis/v1alpha1/zz_generated.deepcopy.go:601.23,605.3 3 0
github.com/rossigee/provider-libvirt/apis/v1alpha1/zz_generated.deepcopy.go:606.2,606.19 1 0
github.com/rossigee/provider-libvirt/apis/v1alpha1/zz_generated.deepcopy.go:606.19,610.3 3 0
github.com/rossigee/provider-libvirt/apis/v1alpha1/zz_generated.deepcopy.go:611.2,611.26 1 0
github.com/rossigee/provider-libvirt/apis/v1alpha1/zz_generated.deepcopy.go:611.26,614.22 3 0
github.com/rossigee/provider-libvirt/apis/v1alpha1/zz_generated.deepcopy.go:614.22,616.4 1 0
github.com/rossigee/provider-libvirt/apis/v1alpha1/zz_generated.deepcopy.go:618.2,618.18 1 0
github.com/rossigee/provider-libvirt/apis/v1alpha1/zz_generated.deepcopy.go:618.18,622.3 3 0
github.com/rossigee/provider-libvirt/apis/v1alpha1/zz_generated.deepcopy.go:626.54,627.15 1 0
github.com/rossigee/provider-libvirt/apis/v1alpha1/zz_generated.deepcopy.go:627.15,629.3 1 0
github.com/rossigee/provider-libvirt/apis/v1alpha1/zz_generated.deepcopy.go:630.2,632.12 3 0
github.com/rossigee/provider-libvirt/apis/v1alpha1/zz_generated.deepcopy.go:636.51,638.22 2 0
github.com/rossigee/provider-libvirt/apis/v1alpha1/zz_generated.deepcopy.go:638.22,642.3 3 0
github.com/rossigee/provider-libvirt/apis/v1alpha1/zz_generated.deepcopy.go:643.2,643.21 1 0
github.com/rossigee/provider-libvirt/apis/v1alpha1/zz_generated.deepcopy.go:643.21,647.3 3 0
github.com/rossigee/provider-libvirt/apis/v1alpha1/zz_generated.deepcopy.go:651.44,652.15 1 0
github.com/rossigee/provider-libvirt/apis/v1alpha1/zz_generated.deepcopy.go:652.15,654.3 1 0
github.com/rossigee/provider-libvirt/apis/v1alpha1/zz_generated.deepcopy.go:655.2,657.12 3 0
github.com/rossigee/provider-libvirt/apis/v1alpha1/zz_generated.deepcopy.go:661.65,663.27 2 0
github.com/rossigee/provider-libvirt/apis/v1alpha1/zz_generated.deepcopy.go:663.27,667.3 3 0
github.com/rossigee/provider-libvirt/apis/v1alpha1/zz_generated.deepcopy.go:671.58,672.15 1 0
github.com/rossigee/provider-libvirt/apis/v1alpha1/zz_generated.deepcopy.go:672.15,674.3 1 0
github.com/rossigee/provider-libvirt/apis/v1alpha1/zz_generated.deepcopy.go:675.2,677.12 3 0
github.com/rossigee/provider-libvirt/apis/v1alpha1/zz_generated.deepcopy.go:681.57,683.22 2 0
github.com/rossigee/provider-libvirt/apis/v1alpha1/zz_generated.deepcopy.go:683.22,686.3 2 0
github.com/rossigee/provider-libvirt/apis/v1alpha1/zz_generated.deepcopy.go:690.50,691.15 1 0
github.com/rossigee/provider-libvirt/apis/v1alpha1/zz_generated.deepcopy.go:691.15,693.3 1 0
github.com/rossigee/provider-libvirt/apis/v1alpha1/zz_generated.deepcopy.go:694.2,696.12 3 0
github.com/rossigee/provider-libvirt/apis/v1alpha1/zz_generated.deepcopy.go:700.55,704.21 4 0
github.com/rossigee/provider-libvirt/apis/v1alpha1/zz_generated.deepcopy.go:704.21,707.22 3 0
github.com/rossigee/provider-libvirt/apis/v1alpha1/zz_generated.deepcopy.go:707.22,709.4 1 0
github.com/rossigee/provider-libvirt/apis/v1alpha1/zz_generated.deepcopy.go:714.48,715.15 1 0
github.com/rossigee/provider-libvirt/apis/v1alpha1/zz_generated.deepcopy.go:715.15,717.3 1 0
github.com/rossigee/provider-libvirt/apis/v1alpha1/zz_generated.deepcopy.go:718.2,720.12 3 0
github.com/rossigee/provider-libvirt/apis/v1alpha1/zz_generated.deepcopy.go:724.56,725.34 1 0
github.com/rossigee/provider-libvirt/apis/v1alpha1/zz_generated.deepcopy.go:725.34,727.3 1 0
github.com/rossigee/provider-libvirt/apis/v1alpha1/zz_generated.deepcopy.go:728.2,728.12 1 0
github.com/rossigee/provider-libvirt/apis/v1alpha1/zz_generated.deepcopy.go:732.53,734.21 2 0
github.com/rossigee/provider-libvirt/apis/v1alpha1/zz_generated.deepcopy.go:734.21,738.3 3 0
github.com/rossigee/provider-libvirt/apis/v1alpha1/zz_generated.deepcopy.go:739.2,739.25 1 0
github.com/rossigee/provider-libvirt/apis/v1alpha1/zz_generated.deepcopy.go:739.25,743.3 3 0
github.com/rossigee/provider-libvirt/apis/v1alpha1/zz_generated.deepcopy.go:747.46,748.15 1 0
github.com/rossigee/provider-libvirt/apis/v1alpha1/zz_generated.deepcopy.go:748.15,750.3 1 0
github.com/rossigee/provider-libvirt/apis/v1alpha1/zz_generated.deepcopy.go:751.2,753.12 3 0
github.com/rossigee/provider-libvirt/apis/v1alpha1/zz_generated.deepcopy.go:757.67,759.2 1 0
github.com/rossigee/provider-libvirt/apis/v1alpha1/zz_generated.deepcopy.go:762.60,763.15 1 0
github.com/rossigee/provider-libvirt/apis/v1alpha1/zz_generated.deepcopy.go:763.15,765.3 1 0
github.com/rossigee/provider-libvirt/apis/v1alpha1/zz_generated.deepcopy.go:766.2,768.12 3 0
github.com/rossigee/provider-libvirt/apis/v1alpha1/zz_generated.deepcopy.go:772.61,774.2 1 0
github.com/rossigee/provider-libvirt/apis/v1alpha1/zz_generated.deepcopy.go:777.54,778.15 1 0
github.com/rossigee/provider-libvirt/apis/v1alpha1/zz_generated.deepcopy.go:778.15,780.3 1 0
github.com/rossigee/provider-libvirt/apis/v1alpha1/zz_generated.deepcopy.go:781.2,783.12 3 0
github.com/rossigee/provider-libvirt/apis/v1alpha1/zz_generated.deepcopy.go:787.69,789.22 2 0
github.com/rossigee/provider-libvirt/apis/v1alpha1/zz_generated.deepcopy.go:789.22,792.22 3 0
github.com/rossigee/provider-libvirt/apis/v1alpha1/zz_generated.deepcopy.go:792.22,794.4 1 0
github.com/rossigee/provider-libvirt/apis/v1alpha1/zz_generated.deepcopy.go:799.62,800.15 1 0
github.com/rossigee/provider-libvirt/apis/v1alpha1/zz_generated.deepcopy.go:800.15,802.3 1 0
github.com/rossigee/provider-libvirt/apis/v1alpha1/zz_generated.deepcopy.go:803.2,805.12 3 0
github.com/rossigee/provider-libvirt/apis/v1alpha1/zz_generated.deepcopy.go:809.51,811.20 2 0
github.com/rossigee/provider-libvirt/apis/v1alpha1/zz_generated.deepcopy.go:811.20,815.3 3 0
github.com/rossigee/provider-libvirt/apis/v1alpha1/zz_generated.deepcopy.go:819.44,820.15 1 0
github.com/rossigee/provider-libvirt/apis/v1alpha1/zz_generated.deepcopy.go:820.15,822.3 1 0
github.com/rossigee/provider-libvirt/apis/v1alpha1/zz_generated.deepcopy.go:823.2,825.12 3 0
github.com/rossigee/provider-libvirt/apis/v1alpha1/zz_generated.deepcopy.go:829.67,831.22 2 0
github.com/rossigee/provider-libvirt/apis/v1alpha1/zz_generated.deepcopy.go:831.22,835.3 3 0
github.com/rossigee/provider-libvirt/apis/v1alpha1/zz_generated.deepcopy.go:836.2,836.22 1 0
github.com/rossigee/provider-libvirt/apis/v1alpha1/zz_generated.deepcopy.go:836.22,840.3 3 0
github.com/rossigee/provider-libvirt/apis/v1alpha1/zz_generated.deepcopy.go:841.2,841.18 1 0
github.com/rossigee/provider-libvirt/apis/v1alpha1/zz_generated.deepcopy.go:841.18,845.3 3 0
github.com/rossigee/provider-libvirt/apis/v1alpha1/zz_generated.deepcopy.go:846.2,846.20 1 0
github.com/rossigee/provider-libvirt/apis/v1alpha1/zz_generated.deepcopy.go:846.20,850.3 3 0
github.com/rossigee/provider-libvirt/apis/v1alpha1/zz_generated.deepcopy.go:851.2,851.19 1 0
github.com/rossigee/provider-libvirt/apis/v1alpha1/zz_generated.deepcopy.go:851.19,855.3 3 0
github.com/rossigee/provider-libvirt/apis/v1alpha1/zz_generated.deepcopy.go:856.2,856.23 1 0
github.com/rossigee/provider-libvirt/apis/v1alpha1/zz_generated.deepcopy.go:856.23,860.3 3 0
github.com/rossigee/provider-libvirt/apis/v1alpha1/zz_generated.deepcopy.go:861.2,861.25 1 0
github.com/rossigee/provider-libvirt/apis/v1alpha1/zz_generated.deepcopy.go:861.25,865.3 3 0
github.com/rossigee/provider-libvirt/apis/v1alpha1/zz_generated.deepcopy.go:869.60,870.15 1 0
github.com/rossigee/provider-libvirt/apis/v1alpha1/zz_generated.deepcopy.go:870.15,872.3 1 0
github.com/rossigee/provider-libvirt/apis/v1alpha1/zz_generated.deepcopy.go:873.2,875.12 3 0
github.com/rossigee/provider-libvirt/apis/v1alpha1/zz_generated.deepcopy.go:879.53,881.23 2 0
github.com/rossigee/provider-libvirt/apis/v1alpha1/zz_generated.deepcopy.go:881.23,885.3 3 0
github.com/rossigee/provider-libvirt/apis/v1alpha1/zz_generated.deepcopy.go:886.2,886.24 1 0
github.com/rossigee/provider-libvirt/apis/v1alpha1/zz_generated.deepcopy.go:886.24,890.3 3 0
github.com/rossigee/provider-libvirt/apis/v1alpha1/zz_generated.deepcopy.go:891.2,891.28 1 0
github.com/rossigee/provider-libvirt/apis/v1alpha1/zz_generated.deepcopy.go:891.28,895.3 3 0
github.com/rossigee/provider-libvirt/apis/v1alpha1/zz_generated.deepcopy.go:896.2,896.25 1 0
github.com/rossigee/provider-libvirt/apis/v1alpha1/zz_generated.deepcopy.go:896.25,900.3 3 0
github.com/rossigee/provider-libvirt/apis/v1alpha1/zz_generated.deepcopy.go:901.2,901.22 1 0
github.com/rossigee/provider-libvirt/apis/v1alpha1/zz_generated.deepcopy.go:901.22,905.3 3 0
github.com/rossigee/provider-libvirt/apis/v1alpha1/zz_generated.deepcopy.go:909.46,910.15 1 0
github.com/rossigee/provider-libvirt/apis/v1alpha1/zz_generated.deepcopy.go:910.15,912.3 1 0
github.com/rossigee/provider-libvirt/apis/v1alpha1/zz_generated.deepcopy.go:913.2,915.12 3 0
github.com/rossigee/provider-libvirt/apis/v1alpha1/zz_generated.deepcopy.go:919.55,923.2 3 0
github.com/rossigee/provider-libvirt/apis/v1alpha1/zz_generated.deepcopy.go:926.48,927.15 1 0
github.com/rossigee/provider-libvirt/apis/v1alpha1/zz_generated.deepcopy.go:927.15,929.3 1 0
github.com/rossigee/provider-libvirt/apis/v1alpha1/zz_generated.deepcopy.go:930.2,932.12 3 0
github.com/rossigee/provider-libvirt/apis/v1alpha1/zz_generated.deepcopy.go:936.59,940.2 3 0
github.com/rossigee/provider-libvirt/apis/v1alpha1/zz_generated.deepcopy.go:943.52,944.15 1 0
github.com/rossigee/provider-libvirt/apis/v1alpha1/zz_generated.deepcopy.go:944.15,946.3 1 0
github.com/rossigee/provider-libvirt/apis/v1alpha1/zz_generated.deepcopy.go:947.2,949.12 3 0
github.com/rossigee/provider-libvirt/apis/v1alpha1/zz_generated.deepcopy.go:953.55,955.21 2 0
github.com/rossigee/provider-libvirt/apis/v1alpha1/zz_generated.deepcopy.go:955.21,959.3 3 0
github.com/rossigee/provider-libvirt/apis/v1alpha1/zz_generated.deepcopy.go:963.48,964.15 1 0
github.com/rossigee/provider-libvirt/apis/v1alpha1/zz_generated.deepcopy.go:964.15,966.3 1 0
github.com/rossigee/provider-libvirt/apis/v1alpha1/zz_generated.deepcopy.go:967.2,969.12 3 0
github.com/rossigee/provider-libvirt/apis/v1alpha1/zz_generated.deepcopy.go:973.61,979.2 5 0
github.com/rossigee/provider-libvirt/apis/v1alpha1/zz_generated.deepcopy.go:982.54,983.15 1 0
github.com/rossigee/provider-libvirt/apis/v1alpha1/zz_generated.deepcopy.go:983.15,985.3 1 0
github.com/rossigee/provider-libvirt/apis/v1alpha1/zz_generated.deepcopy.go:986.2,988.12 3 0
github.com/rossigee/provider-libvirt/apis/v1alpha1/zz_generated.deepcopy.go:992.59,993.34 1 0
github.com/rossigee/provider-libvirt/apis/v1alpha1/zz_generated.deepcopy.go:993.34,995.3 1 0
github.com/rossigee/provider-libvirt/apis/v1alpha1/zz_generated.deepcopy.go:996.2,996.12 1 0
github.com/rossigee/provider-libvirt/apis/v1alpha1/zz_generated.deepcopy.go:1000.69,1004.21 4 0
github.com/rossigee/provider-libvirt/apis/v1alpha1/zz_generated.deepcopy.go:1004.21,1007.22 3 0
github.com/rossigee/provider-libvirt/apis/v1alpha1/zz_generated.deepcopy.go:1007.22,1009.4 1 0
github.com/rossigee/provider-libvirt/apis/v1alpha1/zz_generated.deepcopy.go:1014.62,1015.15 1 0
github.com/rossigee/provider-libvirt/apis/v1alpha1/zz_generated.deepcopy.go:1015.15,1017.3 1 0
github.com/rossigee/provider-libvirt/apis/v1alpha1/zz_generated.deepcopy.go:1018.2,1020.12 3 0
github.com/rossigee/provider-libvirt/apis/v1alpha1/zz_generated.deepcopy.go:1024.63,1025.34 1 0
github.com/rossigee/provider-libvirt/apis/v1alpha1/zz_generated.deepcopy.go:1025.34,1027.3 1 0
github.com/rossigee/provider-libvirt/apis/v1alpha1/zz_generated.deepcopy.go:1028.2,1028.12 1 0
github.com/rossigee/provider-libvirt/apis/v1alpha1/zz_generated.deepcopy.go:1032.69,1035.2 2 0
github.com/rossigee/provider-libvirt/apis/v1alpha1/zz_generated.deepcopy.go:1038.62,1039.15 1 0
github.com/rossigee/provider-libvirt/apis/v1alpha1/zz_generated.deepcopy.go:1039.15,1041.3 1 0
github.com/rossigee/provider-libvirt/apis/v1alpha1/zz_generated.deepcopy.go:1042.2,1044.12 3 0
github.com/rossigee/provider-libvirt/apis/v1alpha1/zz_generated.deepcopy.go:1048.73,1051.2 2 0
github.com/rossigee/provider-libvirt/apis/v1alpha1/zz_generated.deepcopy.go:1054.66,1055.15 1 0
github.com/rossigee/provider-libvirt/apis/v1alpha1/zz_generated.deepcopy.go:1055.15,1057.3 1 0
github.com/rossigee/provider-libvirt/apis/v1alpha1/zz_generated.deepcopy.go:1058.2,1060.12 3 0
github.com/rossigee/provider-libvirt/apis/v1alpha1/zz_generated.deepcopy.go:1064.71,1069.2 4 0
github.com/rossigee/provider-libvirt/apis/v1alpha1/zz_generated.deepcopy.go:1072.64,1073.15 1 0
github.com/rossigee/provider-libvirt/apis/v1alpha1/zz_generated.deepcopy.go:1073.15,1075.3 1 0
github.com/rossigee/provider-libvirt/apis/v1alpha1/zz_generated.deepcopy.go:1076.2,1078.12 3 0
github.com/rossigee/provider-libvirt/apis/v1alpha1/zz_generated.deepcopy.go:1082.64,1083.34 1 0
github.com/rossigee/provider-libvirt/apis/v1alpha1/zz_generated.deepcopy.go:1083.34,1085.3 1 0
github.com/rossigee/provider-libvirt/apis/v1alpha1/zz_generated.deepcopy.go:1086.2,1086.12 1 0
github.com/rossigee/provider-libvirt/apis/v1alpha1/zz_generated.deepcopy.go:1090.79,1094.21 4 0
github.com/rossigee/provider-libvirt/apis/v1alpha1/zz_generated.deepcopy.go:1094.21,1097.22 3 0
github.com/rossigee/provider-libvirt/apis/v1alpha1/zz_generated.deepcopy.go:1097.22,1099.4 1 0
github.com/rossigee/provider-libvirt/apis/v1alpha1/zz_generated.deepcopy.go:1104.72,1105.15 1 0
github.com/rossigee/provider-libvirt/apis/v1alpha1/zz_generated.deepcopy.go:1105.15,1107.3 1 0
github.com/rossigee/provider-libvirt/apis/v1alpha1/zz_generated.deepcopy.go:1108.2,1110.12 3 0
github.com/rossigee/provider-libvirt/apis/v1alpha1/zz_generated.deepcopy.go:1114.68,1115.34 1 0
github.com/rossigee/provider-libvirt/apis/v1alpha1/zz_generated.deepcopy.go:1115.34,1117.3 1 0
github.com/rossigee/provider-libvirt/apis/v1alpha1/zz_generated.deepcopy.go:1118.2,1118.12 1 0
github.com/rossigee/provider-libvirt/apis/v1alpha1/zz_generated.deepcopy.go:1122.71,1125.2 2 0
github.com/rossigee/provider-libvirt/apis/v1alpha1/zz_generated.deepcopy.go:1128.64,1129.15 1 0
github.com/rossigee/provider-libvirt/apis/v1alpha1/zz_generated.deepcopy.go:1129.15,1131.3 1 0
github.com/rossigee/provider-libvirt/apis/v1alpha1/zz_generated.deepcopy.go:1132.2,1134.12 3 0
github.com/rossigee/provider-libvirt/apis/v1alpha1/zz_generated.deepcopy.go:1138.45,1144.2 5 0
github.com/rossigee/provider-libvirt/apis/v1alpha1/zz_generated.deepcopy.go:1147.38,1148.15 1 0
github.com/rossigee/provider-libvirt/apis/v1alpha1/zz_generated.deepcopy.go:1148.15,1150.3 1 0
github.com/rossigee/provider-libvirt/apis/v1alpha1/zz_generated.deepcopy.go:1151.2,1153.12 3 0
github.com/rossigee/provider-libvirt/apis/v1alpha1/zz_generated.deepcopy.go:1157.51,1158.34 1 0
github.com/rossigee/provider-libvirt/apis/v1alpha1/zz_generated.deepcopy.go:1158.34,1160.3 1 0
github.com/rossigee/provider-libvirt/apis/v1alpha1/zz_generated.deepcopy.go:1161.2,1161.12 1 0
github.com/rossigee/provider-libvirt/apis/v1alpha1/zz_generated.deepcopy.go:1165.53,1167.22 2 0
github.com/rossigee/provider-libvirt/apis/v1alpha1/zz_generated.deepcopy.go:1167.22,1171.3 3 0
github.com/rossigee/provider-libvirt/apis/v1alpha1/zz_generated.deepcopy.go:1172.2,1172.20 1 0
github.com/rossigee/provider-libvirt/apis/v1alpha1/zz_generated.deepcopy.go:1172.20,1176.3 3 0
github.com/rossigee/provider-libvirt/apis/v1alpha1/zz_generated.deepcopy.go:1177.2,1177.21 1 0
github.com/rossigee/provider-libvirt/apis/v1alpha1/zz_generated.deepcopy.go:1177.21,1181.3 3 0
github.com/rossigee/provider-libvirt/apis/v1alpha1/zz_generated.deepcopy.go:1182.2,1182.19 1 0
github.com/rossigee/provider-libvirt/apis/v1alpha1/zz_generated.deepcopy.go:1182.19,1186.3 3 0
github.com/rossigee/provider-libvirt/apis/v1alpha1/zz_generated.deepcopy.go:1190.46,1191.15 1 0
github.com/rossigee/provider-libvirt/apis/v1alpha1/zz_generated.deepcopy.go:1191.15,1193.3 1 0
github.com/rossigee/provider-libvirt/apis/v1alpha1/zz_generated.deepcopy.go:1194.2,1196.12 3 0
github.com/rossigee/provider-libvirt/apis/v1alpha1/zz_generated.deepcopy.go:1200.53,1204.21 4 0
github.com/rossigee/provider-libvirt/apis/v1alpha1/zz_generated.deepcopy.go:1204.21,1207.22 3 0
github.com/rossigee/provider-libvirt/apis/v1alpha1/zz_generated.deepcopy.go:1207.22,1209.4 1 0
github.com/rossigee/provider-libvirt/apis/v1alpha1/zz_generated.deepcopy.go:1214.46,1215.15 1 0
github.com/rossigee/provider-libvirt/apis/v1alpha1/zz_generated.deepcopy.go:1215.15,1217.3 1 0
github.com/rossigee/provider-libvirt/apis/v1alpha1/zz_generated.deepcopy.go:1218.2,1220.12 3 0
github.com/rossigee/provider-libvirt/apis/v1alpha1/zz_generated.deepcopy.go:1224.55,1225.34 1 0
github.com/rossigee/provider-libvirt/apis/v1alpha1/zz_generated.deepcopy.go:1225.34,1227.3 1 0
github.com/rossigee/provider-libvirt/apis/v1alpha1/zz_generated.deepcopy.go:1228.2,1228.12 1 0
github.com/rossigee/provider-libvirt/apis/v1alpha1/zz_generated.deepcopy.go:1232.67,1234.28 2 0
github.com/rossigee/provider-libvirt/apis/v1alpha1/zz_generated.deepcopy.go:1234.28,1237.3 2 0
github.com/rossigee/provider-libvirt/apis/v1alpha1/zz_generated.deepcopy.go:1238.2,1238.28 1 0
github.com/rossigee/provider-libvirt/apis/v1alpha1/zz_generated.deepcopy.go:1238.28,1241.3 2 0
github.com/rossigee/provider-libvirt/apis/v1alpha1/zz_generated.deepcopy.go:1242.2,1242.22 1 0
github.com/rossigee/provider-libvirt/apis/v1alpha1/zz_generated.deepcopy.go:1242.22,1246.3 3 0
github.com/rossigee/provider-libvirt/apis/v1alpha1/zz_generated.deepcopy.go:1250.60,1251.15 1 0
github.com/rossigee/provider-libvirt/apis/v1alpha1/zz_generated.deepcopy.go:1251.15,1253.3 1 0
github.com/rossigee/provider-libvirt/apis/v1alpha1/zz_generated.deepcopy.go:1254.2,1256.12 3 0
github.com/rossigee/provider-libvirt/apis/v1alpha1/zz_generated.deepcopy.go:1260.65,1263.25 3 0
github.com/rossigee/provider-libvirt/apis/v1alpha1/zz_generated.deepcopy.go:1263.25,1267.3 3 0
github.com/rossigee/provider-libvirt/apis/v1alpha1/zz_generated.deepcopy.go:1268.2,1268.23 1 0
github.com/rossigee/provider-libvirt/apis/v1alpha1/zz_generated.deepcopy.go:1268.23,1272.3 3 0
github.com/rossigee/provider-libvirt/apis/v1alpha1/zz_generated.deepcopy.go:1276.58,1277.15 1 0
github.com/rossigee/provider-libvirt/apis/v1alpha1/zz_generated.deepcopy.go:1277.15,1279.3 1 0
github.com/rossigee/provider-libvirt/apis/v1alpha1/zz_generated.deepcopy.go:1280.2,1282.12 3 0
github.com/rossigee/provider-libvirt/apis/v1alpha1/zz_generated.deepcopy.go:1286.63,1288.2 1 0
github.com/rossigee/provider-libvirt/apis/v1alpha1/zz_generated.deepcopy.go:1291.56,1292.15 1 0
github.com/rossigee/provider-libvirt/apis/v1alpha1/zz_generated.deepcopy.go:1292.15,1294.3 1 0
github.com/rossigee/provider-libvirt/apis/v1alpha1/zz_generated.deepcopy.go:1295.2,1297.12 3 0
github.com/rossigee/provider-libvirt/apis/v1alpha1/zz_generated.deepcopy.go:1301.53,1305.2 3 0
github.com/rossigee/provider-libvirt/apis/v1alpha1/zz_generated.deepcopy.go:1308.46,1309.15 1 0
github.com/rossigee/provider-libvirt/apis/v1alpha1/zz_generated.deepcopy.go:1309.15,1311.3 1 0
github.com/rossigee/provider-libvirt/apis/v1alpha1/zz_generated.deepcopy.go:1312.2,1314.12 3 0
github.com/rossigee/provider-libvirt/apis/v1alpha1/zz_generated.deepcopy.go:1318.57,1322.2 3 0
github.com/rossigee/provider-libvirt/apis/v1alpha1/zz_generated.deepcopy.go:1325.50,1326.15 1 0
github.com/rossigee/provider-libvirt/apis/v1alpha1/zz_generated.deepcopy.go:1326.15,1328.3 1 0
github.com/rossigee/provider-libvirt/apis/v1alpha1/zz_generated.deepcopy.go:1329.2,1331.12 3 0
github.com/rossigee/provider-libvirt/apis/v1alpha1/zz_generated.deepcopy.go:1335.73,1337.2 1 0
github.com/rossigee/provider-libvirt/apis/v1alpha1/zz_generated.deepcopy.go:1340.66,1341.15 1 0
github.com/rossigee/provider-libvirt/apis/v1alpha1/zz_generated.deepcopy.go:1341.15,1343.3 1 0
github.com/rossigee/provider-libvirt/apis/v1alpha1/zz_generated.deepcopy.go:1344.2,1346.12 3 0
github.com/rossigee/provider-libvirt/apis/v1alpha1/zz_generated.deepcopy.go:1350.55,1356.2 5 0
github.com/rossigee/provider-libvirt/apis/v1alpha1/zz_generated.deepcopy.go:1359.48,1360.15 1 0
github.com/rossigee/provider-libvirt/apis/v1alpha1/zz_generated.deepcopy.go:1360.15,1362.3 1 0
github.com/rossigee/provider-libvirt/apis/v1alpha1/zz_generated.deepcopy.go:1363.2,1365.12 3 0
github.com/rossigee/provider-libvirt/apis/v1alpha1/zz_generated.deepcopy.go:1369.56,1370.34 1 0
github.com/rossigee/provider-libvirt/apis/v1alpha1/zz_generated.deepcopy.go:1370.34,1372.3 1 0
github.com/rossigee/provider-libvirt/apis/v1alpha1/zz_generated.deepcopy.go:1373.2,1373.12 1 0
github.com/rossigee/provider-libvirt/apis/v1alpha1/zz_generated.deepcopy.go:1377.69,1379.2 1 0
github.com/rossigee/provider-libvirt/apis/v1alpha1/zz_generated.deepcopy.go:1382.62,1383.15 1 0
github.com/rossigee/provider-libvirt/apis/v1alpha1/zz_generated.deepcopy.go:1383.15,1385.3 1 0
github.com/rossigee/provider-libvirt/apis/v1alpha1/zz_generated.deepcopy.go:1386.2,1388.12 3 0
github.com/rossigee/provider-libvirt/apis/v1alpha1/zz_generated.deepcopy.go:1392.63,1394.22 2 0
github.com/rossigee/provider-libvirt/apis/v1alpha1/zz_generated.deepcopy.go:1394.22,1398.3 3 0
github.com/rossigee/provider-libvirt/apis/v1alpha1/zz_generated.deepcopy.go:1402.56,1403.15 1 0
github.com/rossigee/provider-libvirt/apis/v1alpha1/zz_generated.deepcopy.go:1403.15,1405.3 1 0
github.com/rossigee/provider-libvirt/apis/v1alpha1/zz_generated.deepcopy.go:1406.2,1408.12 3 0
github.com/rossigee/provider-libvirt/apis/v1alpha1/zz_generated.deepcopy.go:1412.75,1414.2 1 0
github.com/rossigee/provider-libvirt/apis/v1alpha1/zz_generated.deepcopy.go:1417.68,1418.15 1 0
github.com/rossigee/provider-libvirt/apis/v1alpha1/zz_generated.deepcopy.go:1418.15,1420.3 1 0
github.com/rossigee/provider-libvirt/apis/v1alpha1/zz_generated.deepcopy.go:1421.2,1423.12 3 0
github.com/rossigee/provider-libvirt/apis/v1alpha1/zz_generated.deepcopy.go:1427.67,1429.27 2 0
github.com/rossigee/provider-libvirt/apis/v1alpha1/zz_generated.deepcopy.go:1429.27,1433.3 3 0
github.com/rossigee/provider-libvirt/apis/v1alpha1/zz_generated.deepcopy.go:1437.60,1438.15 1 0
github.com/rossigee/provider-libvirt/apis/v1alpha1/zz_generated.deepcopy.go:1438.15,1440.3 1 0
github.com/rossigee/provider-libvirt/apis/v1alpha1/zz_generated.deepcopy.go:1441.2,1443.12 3 0
github.com/rossigee/provider-libvirt/apis/v1alpha1/zz_generated.deepcopy.go:1447.75,1449.22 2 0
github.com/rossigee/provider-libvirt/apis/v1alpha1/zz_generated.deepcopy.go:1449.22,1453.3 3 0
github.com/rossigee/provider-libvirt/apis/v1alpha1/zz_generated.deepcopy.go:1457.68,1458.15 1 0
github.com/rossigee/provider-libvirt/apis/v1alpha1/zz_generated.deepcopy.go:1458.15,1460.3 1 0
github.com/rossigee/provider-libvirt/apis/v1alpha1/zz_generated.deepcopy.go:1461.2,1463.12 3 0
github.com/rossigee/provider-libvirt/apis/v1alpha1/zz_generated.deepcopy.go:1467.87,1469.2 1 0
github.com/rossigee/provider-libvirt/apis/v1alpha1/zz_generated.deepcopy.go:1472.80,1473.15 1 0
github.com/rossigee/provider-libvirt/apis/v1alpha1/zz_generated.deepcopy.go:1473.15,1475.3 1 0
github.com/rossigee/provider-libvirt/apis/v1alpha1/zz_generated.deepcopy.go:1476.2,1478.12 3 0
github.com/rossigee/provider-libvirt/apis/v1alpha1/zz_generated.deepcopy.go:1482.67,1484.2 1 0
github.com/rossigee/provider-libvirt/apis/v1alpha1/zz_generated.deepcopy.go:1487.60,1488.15 1 0
github.com/rossigee/provider-libvirt/apis/v1alpha1/zz_generated.deepcopy.go:1488.15,1490.3 1 0
github.com/rossigee/provider-libvirt/apis/v1alpha1/zz_generated.deepcopy.go:1491.2,1493.12 3 0
github.com/rossigee/provider-libvirt/apis/v1alpha1/zz_generated.deepcopy.go:1497.77,1499.2 1 0
github.com/rossigee/provider-libvirt/apis/v1alpha1/zz_generated.deepcopy.go:1502.70,1503.15 1 0
github.com/rossigee/provider-libvirt/apis/v1alpha1/zz_generated.deepcopy.go:1503.15,1505.3 1 0
github.com/rossigee/provider-libvirt/apis/v1alpha1/zz_generated.deepcopy.go:1506.2,1508.12 3 0
github.com/rossigee/provider-libvirt/apis/v1alpha1/zz_generated.deepcopy.go:1512.63,1514.20 2 0
github.com/rossigee/provider-libvirt/apis/v1alpha1/zz_generated.deepcopy.go:1514.20,1518.3 3 0
github.com/rossigee/provider-libvirt/apis/v1alpha1/zz_generated.deepcopy.go:1522.56,1523.15 1 0
github.com/rossigee/provider-libvirt/apis/v1alpha1/zz_generated.deepcopy.go:1523.15,1525.3 1 0
github.com/rossigee/provider-libvirt/apis/v1alpha1/zz_generated.deepcopy.go:1526.2,1528.12 3 0
github.com/rossigee/provider-libvirt/apis/v1alpha1/zz_generated.deepcopy.go:1532.63,1536.21 4 0
github.com/rossigee/provider-libvirt/apis/v1alpha1/zz_generated.deepcopy.go:1536.21,1539.22 3 0
github.com/rossigee/provider-libvirt/apis/v1alpha1/zz_generated.deepcopy.go:1539.22,1541.4 1 0
github.com/rossigee/provider-libvirt/apis/v1alpha1/zz_generated.deepcopy.go:1546.56,1547.15 1 0
github.com/rossigee/provider-libvirt/apis/v1alpha1/zz_generated.deepcopy.go:1547.15,1549.3 1 0
github.com/rossigee/provider-libvirt/apis/v1alpha1/zz_generated.deepcopy.go:1550.2,1552.12 3 0
github.com/rossigee/provider-libvirt/apis/v1alpha1/zz_generated.deepcopy.go:1556.60,1557.34 1 0
github.com/rossigee/provider-libvirt/apis/v1alpha1/zz_generated.deepcopy.go:1557.34,1559.3 1 0
github.com/rossigee/provider-libvirt/apis/v1alpha1/zz_generated.deepcopy.go:1560.2,1560.12 1 0
github.com/rossigee/provider-libvirt/apis/v1alpha1/zz_generated.deepcopy.go:1564.77,1566.23 2 0
github.com/rossigee/provider-libvirt/apis/v1alpha1/zz_generated.deepcopy.go:1566.23,1570.3 3 0
github.com/rossigee/provider-libvirt/apis/v1alpha1/zz_generated.deepcopy.go:1574.70,1575.15 1 0
github.com/rossigee/provider-libvirt/apis/v1alpha1/zz_generated.deepcopy.go:1575.15,1577.3 1 0
github.com/rossigee/provider-libvirt/apis/v1alpha1/zz_generated.deepcopy.go:1578.2,1580.12 3 0
github.com/rossigee/provider-libvirt/apis/v1alpha1/zz_generated.deepcopy.go:1584.75,1586.22 2 0
github.com/rossigee/provider-libvirt/apis/v1alpha1/zz_generated.deepcopy.go:1586.22,1590.3 3 0
github.com/rossigee/provider-libvirt/apis/v1alpha1/zz_generated.deepcopy.go:1591.2,1591.22 1 0
github.com/rossigee/provider-libvirt/apis/v1alpha1/zz_generated.deepcopy.go:1591.22,1595.3 3 0
github.com/rossigee/provider-libvirt/apis/v1alpha1/zz_generated.deepcopy.go:1596.2,1596.24 1 0
github.com/rossigee/provider-libvirt/apis/v1alpha1/zz_generated.deepcopy.go:1596.24,1600.3 3 0
github.com/rossigee/provider-libvirt/apis/v1alpha1/zz_generated.deepcopy.go:1601.2,1601.25 1 0
github.com/rossigee/provider-libvirt/apis/v1alpha1/zz_generated.deepcopy.go:1601.25,1605.3 3 0
github.com/rossigee/provider-libvirt/apis/v1alpha1/zz_generated.deepcopy.go:1606.2,1606.27 1 0
github.com/rossigee/provider-libvirt/apis/v1alpha1/zz_generated.deepcopy.go:1606.27,1610.3 3 0
github.com/rossigee/provider-libvirt/apis/v1alpha1/zz_generated.deepcopy.go:1614.68,1615.15 1 0
github.com/rossigee/provider-libvirt/apis/v1alpha1/zz_generated.deepcopy.go:1615.15,1617.3 1 0
github.com/rossigee/provider-libvirt/apis/v1alpha1/zz_generated.deepcopy.go:1618.2,1620.12 3 0
github.com/rossigee/provider-libvirt/apis/v1alpha1/zz_generated.deepcopy.go:1624.77,1626.21 2 0
github.com/rossigee/provider-libvirt/apis/v1alpha1/zz_generated.deepcopy.go:1626.21,1630.3 3 0
github.com/rossigee/provider-libvirt/apis/v1alpha1/zz_generated.deepcopy.go:1631.2,1631.21 1 0
github.com/rossigee/provider-libvirt/apis/v1alpha1/zz_generated.deepcopy.go:1631.21,1635.3 3 0
github.com/rossigee/provider-libvirt/apis/v1alpha1/zz_generated.deepcopy.go:1636.2,1636.20 1 0
github.com/rossigee/provider-libvirt/apis/v1alpha1/zz_generated.deepcopy.go:1636.20,1640.3 3 0
github.com/rossigee/provider-libvirt/apis/v1alpha1/zz_generated.deepcopy.go:1644.70,1645.15 1 0
github.com/rossigee/provider-libvirt/apis/v1alpha1/zz_generated.deepcopy.go:1645.15,1647.3 1 0
github.com/rossigee/provider-libvirt/apis/v1alpha1/zz_generated.deepcopy.go:1648.2,1650.12 3 0
github.com/rossigee/provider-libvirt/apis/v1alpha1/zz_generated.deepcopy.go:1654.67,1656.20 2 0
github.com/rossigee/provider-libvirt/apis/v1alpha1/zz_generated.deepcopy.go:1656.20,1660.3 3 0
github.com/rossigee/provider-libvirt/apis/v1alpha1/zz_generated.deepcopy.go:1661.2,1661.22 1 0
github.com/rossigee/provider-libvirt/apis/v1alpha1/zz_generated.deepcopy.go:1661.22,1665.3 3 0
github.com/rossigee/provider-libvirt/apis/v1alpha1/zz_generated.deepcopy.go:1666.2,1666.23 1 0
github.com/rossigee/provider-libvirt/apis/v1alpha1/zz_generated.deepcopy.go:1666.23,1670.3 3 0
github.com/rossigee/provider-libvirt/apis/v1alpha1/zz_generated.deepcopy.go:1671.2,1671.22 1 0
github.com/rossigee/provider-libvirt/apis/v1alpha1/zz_generated.deepcopy.go:1671.22,1675.3 3 0
github.com/rossigee/provider-libvirt/apis/v1alpha1/zz_generated.deepcopy.go:1676.2,1676.20 1 0
github.com/rossigee/provider-libvirt/apis/v1alpha1/zz_generated.deepcopy.go:1676.20,1680.3 3 0
github.com/rossigee/provider-libvirt/apis/v1alpha1/zz_generated.deepcopy.go:1684.60,1685.15 1 0
github.com/rossigee/provider-libvirt/apis/v1alpha1/zz_generated.deepcopy.go:1685.15,1687.3 1 0
github.com/rossigee/provider-libvirt/apis/v1alpha1/zz_generated.deepcopy.go:1688.2,1690.12 3 0
github.com/rossigee/provider-libvirt/apis/v1alpha1/zz_generated.deepcopy.go:1694.63,1698.2 3 0
github.com/rossigee/provider-libvirt/apis/v1alpha1/zz_generated.deepcopy.go:1701.56,1702.15 1 0
github.com/rossigee/provider-libvirt/apis/v1alpha1/zz_generated.deepcopy.go:1702.15,1704.3 1 0
github.com/rossigee/provider-libvirt/apis/v1alpha1/zz_generated.deepcopy.go:1705.2,1707.12 3 0
github.com/rossigee/provider-libvirt/apis/v1alpha1/zz_generated.deepcopy.go:1711.67,1715.2 3 0
github.com/rossigee/provider-libvirt/apis/v1alpha1/zz_generated.deepcopy.go:1718.60,1719.15 1 0
github.com/rossigee/provider-libvirt/apis/v1alpha1/zz_generated.deepcopy.go:1719.15,1721.3 1 0
github.com/rossigee/provider-libvirt/apis/v1alpha1/zz_generated.deepcopy.go:1722.2,1724.12 3 0
github.com/rossigee/provider-libvirt/apis/v1alpha1/zz_generated.deepcopy.go:1728.67,1730.27 2 0
github.com/rossigee/provider-libvirt/apis/v1alpha1/zz_generated.deepcopy.go:1730.27,1734.3 3 0
github.com/rossigee/provider-libvirt/apis/v1alpha1/zz_generated.deepcopy.go:1735.2,1735.26 1 0
github.com/rossigee/provider-libvirt/apis/v1alpha1/zz_generated.deepcopy.go:1735.26,1739.3 3 0
github.com/rossigee/provider-libvirt/apis/v1alpha1/zz_generated.deepcopy.go:1743.60,1744.15 1 0
github.com/rossigee/provider-libvirt/apis/v1alpha1/zz_generated.deepcopy.go:1744.15,1746.3 1 0
github.com/rossigee/provider-libvirt/apis/v1alpha1/zz_generated.deepcopy.go:1747.2,1749.12 3 0
github.com/rossigee/provider-libvirt/apis/v1alpha1/zz_generated.deepcopy.go:1753.67,1755.2 1 0
github.com/rossigee/provider-libvirt/apis/v1alpha1/zz_generated.deepcopy.go:1758.60,1759.15 1 0
github.com/rossigee/provider-libvirt/apis/v1alpha1/zz_generated.deepcopy.go:1759.15,1761.3 1 0
github.com/rossigee/provider-libvirt/apis/v1alpha1/zz_generated.deepcopy.go:1762.2,1764.12 3 0
github.com/rossigee/provider-libvirt/apis/v1alpha1/zz_generated.deepcopy.go:1768.59,1770.27 2 0
github.com/rossigee/provider-libvirt/apis/v1alpha1/zz_generated.deepcopy.go:1770.27,1774.3 3 0
github.com/rossigee/provider-libvirt/apis/v1alpha1/zz_generated.deepcopy.go:1775.2,1775.26 1 0
github.com/rossigee/provider-libvirt/apis/v1alpha1/zz_generated.deepcopy.go:1775.26,1779.3 3 0
github.com/rossigee/provider-libvirt/apis/v1alpha1/zz_generated.deepcopy.go:1780.2,1780.29 1 0
github.com/rossigee/provider-libvirt/apis/v1alpha1/zz_generated.deepcopy.go:1780.29,1784.3 3 0
github.com/rossigee/provider-libvirt/apis/v1alpha1/zz_generated.deepcopy.go:1785.2,1785.32 1 0
github.com/rossigee/provider-libvirt/apis/v1alpha1/zz_generated.deepcopy.go:1785.32,1789.3 3 0
github.com/rossigee/provider-libvirt/apis/v1alpha1/zz_generated.deepcopy.go:1793.52,1794.15 1 0
github.com/rossigee/provider-libvirt/apis/v1alpha1/zz_generated.deepcopy.go:1794.15,1796.3 1 0
github.com/rossigee/provider-libvirt/apis/v1alpha1/zz_generated.deepcopy.go:1797.2,1799.12 3 0
github.com/rossigee/provider-libvirt/apis/v1alpha1/zz_generated.deepcopy.go:1803.45,1809.2 5 0
github.com/rossigee/provider-libvirt/apis/v1alpha1/zz_generated.deepcopy.go:1812.38,1813.15 1 0
github.com/rossigee/provider-libvirt/apis/v1alpha1/zz_generated.deepcopy.go:1813.15,1815.3 1 0
github.com/rossigee/provider-libvirt/apis/v1alpha1/zz_generated.deepcopy.go:1816.2,1818.12 3 0
github.com/rossigee/provider-libvirt/apis/v1alpha1/zz_generated.deepcopy.go:1822.51,1823.34 1 0
github.com/rossigee/provider-libvirt/apis/v1alpha1/zz_generated.deepcopy.go:1823.34,1825.3 1 0
github.com/rossigee/provider-libvirt/apis/v1alpha1/zz_generated.deepcopy.go:1826.2,1826.12 1 0
github.com/rossigee/provider-libvirt/apis/v1alpha1/zz_generated.deepcopy.go:1830.69,1832.2 1 0
github.com/rossigee/provider-libvirt/apis/v1alpha1/zz_generated.deepcopy.go:1835.62,1836.15 1 0
github.com/rossigee/provider-libvirt/apis/v1alpha1/zz_generated.deepcopy.go:1836.15,1838.3 1 0
github.com/rossigee/provider-libvirt/apis/v1alpha1/zz_generated.deepcopy.go:1839.2,1841.12 3 0
github.com/rossigee/provider-libvirt/apis/v1alpha1/zz_generated.deepcopy.go:1845.81,1847.2 1 0
github.com/rossigee/provider-libvirt/apis/v1alpha1/zz_generated.deepcopy.go:1850.74,1851.15 1 0
github.com/rossigee/provider-libvirt/apis/v1alpha1/zz_generated.deepcopy.go:1851.15,1853.3 1 0
github.com/rossigee/provider-libvirt/apis/v1alpha1/zz_generated.deepcopy.go:1854.2,1856.12 3 0
github.com/rossigee/provider-libvirt/apis/v1alpha1/zz_generated.deepcopy.go:1860.65,1862.25 2 0
github.com/rossigee/provider-libvirt/apis/v1alpha1/zz_generated.deepcopy.go:1862.25,1866.3 3 0
github.com/rossigee/provider-libvirt/apis/v1alpha1/zz_generated.deepcopy.go:1867.2,1867.22 1 0
github.com/rossigee/provider-libvirt/apis/v1alpha1/zz_generated.deepcopy.go:1867.22,1871.3 3 0
github.com/rossigee/provider-libvirt/apis/v1alpha1/zz_generated.deepcopy.go:1875.58,1876.15 1 0
github.com/rossigee/provider-libvirt/apis/v1alpha1/zz_generated.deepcopy.go:1876.15,1878.3 1 0
github.com/rossigee/provider-libvirt/apis/v1alpha1/zz_generated.deepcopy.go:1879.2,1881.12 3 0
github.com/rossigee/provider-libvirt/apis/v1alpha1/zz_generated.deepcopy.go:1885.77,1887.2 1 0
github.com/rossigee/provider-libvirt/apis/v1alpha1/zz_generated.deepcopy.go:1890.70,1891.15 1 0
github.com/rossigee/provider-libvirt/apis/v1alpha1/zz_generated.deepcopy.go:1891.15,1893.3 1 0
github.com/rossigee/provider-libvirt/apis/v1alpha1/zz_generated.deepcopy.go:1894.2,1896.12 3 0
github.com/rossigee/provider-libvirt/apis/v1alpha1/zz_generated.deepcopy.go:1900.53,1904.21 4 0
github.com/rossigee/provider-libvirt/apis/v1alpha1/zz_generated.deepcopy.go:1904.21,1907.22 3 0
github.com/rossigee/provider-libvirt/apis/v1alpha1/zz_generated.deepcopy.go:1907.22,1909.4 1 0
github.com/rossigee/provider-libvirt/apis/v1alpha1/zz_generated.deepcopy.go:1914.46,1915.15 1 0
github.com/rossigee/provider-libvirt/apis/v1alpha1/zz_generated.deepcopy.go:1915.15,1917.3 1 0
github.com/rossigee/provider-libvirt/apis/v1alpha1/zz_generated.deepcopy.go:1918.2,1920.12 3 0
github.com/rossigee/provider-libvirt/apis/v1alpha1/zz_generated.deepcopy.go:1924.55,1925.34 1 0
github.com/rossigee/provider-libvirt/apis/v1alpha1/zz_generated.deepcopy.go:1925.34,1927.3 1 0
github.com/rossigee/provider-libvirt/apis/v1alpha1/zz_generated.deepcopy.go:1928.2,1928.12 1 0
github.com/rossigee/provider-libvirt/apis/v1alpha1/zz_generated.deepcopy.go:1932.67,1934.28 2 0
github.com/rossigee/provider-libvirt/apis/v1alpha1/zz_generated.deepcopy.go:1934.28,1937.3 2 0
github.com/rossigee/provider-libvirt/apis/v1alpha1/zz_generated.deepcopy.go:1938.2,1938.32 1 0
github.com/rossigee/provider-libvirt/apis/v1alpha1/zz_generated.deepcopy.go:1938.32,1941.3 2 0
github.com/rossigee/provider-libvirt/apis/v1alpha1/zz_generated.deepcopy.go:1942.2,1942.28 1 0
github.com/rossigee/provider-libvirt/apis/v1alpha1/zz_generated.deepcopy.go:1942.28,1946.3 3 0
github.com/rossigee/provider-libvirt/apis/v1alpha1/zz_generated.deepcopy.go:1950.60,1951.15 1 0
github.com/rossigee/provider-libvirt/apis/v1alpha1/zz_generated.deepcopy.go:1951.15,1953.3 1 0
github.com/rossigee/provider-libvirt/apis/v1alpha1/zz_generated.deepcopy.go:1954.2,1956.12 3 0
github.com/rossigee/provider-libvirt/apis/v1alpha1/zz_generated.deepcopy.go:1960.65,1962.26 2 0
github.com/rossigee/provider-libvirt/apis/v1alpha1/zz_generated.deepcopy.go:1962.26,1966.3 3 0
github.com/rossigee/provider-libvirt/apis/v1alpha1/zz_generated.deepcopy.go:1967.2,1967.22 1 0
github.com/rossigee/provider-libvirt/apis/v1alpha1/zz_generated.deepcopy.go:1967.22,1971.3 3 0
github.com/rossigee/provider-libvirt/apis/v1alpha1/zz_generated.deepcopy.go:1972.2,1972.28 1 0
github.com/rossigee/provider-libvirt/apis/v1alpha1/zz_generated.deepcopy.go:1972.28,1976.3 3 0
github.com/rossigee/provider-libvirt/apis/v1alpha1/zz_generated.deepcopy.go:1977.2,1977.26 1 0
github.com/rossigee/provider-libvirt/apis/v1alpha1/zz_generated.deepcopy.go:1977.26,1981.3 3 0
github.com/rossigee/provider-libvirt/apis/v1alpha1/zz_generated.deepcopy.go:1982.2,1982.22 1 0
github.com/rossigee/provider-libvirt/apis/v1alpha1/zz_generated.deepcopy.go:1982.22,1986.3 3 0
github.com/rossigee/provider-libvirt/apis/v1alpha1/zz_generated.deepcopy.go:1990.58,1991.15 1 0
github.com/rossigee/provider-libvirt/apis/v1alpha1/zz_generated.deepcopy.go:1991.15,1993.3 1 0
github.com/rossigee/provider-libvirt/apis/v1alpha1/zz_generated.deepcopy.go:1994.2,1996.12 3 0
github.com/rossigee/provider-libvirt/apis/v1alpha1/zz_generated.deepcopy.go:2000.67,2002.21 2 0
github.com/rossigee/provider-libvirt/apis/v1alpha1/zz_generated.deepcopy.go:2002.21,2006.3 3 0
github.com/rossigee/provider-libvirt/apis/v1alpha1/zz_generated.deepcopy.go:2007.2,2007.21 1 0
github.com/rossigee/provider-libvirt/apis/v1alpha1/zz_generated.deepcopy.go:2007.21,2011.3 3 0
github.com/rossigee/provider-libvirt/apis/v1alpha1/zz_generated.deepcopy.go:2012.2,2012.20 1 0
github.com/rossigee/provider-libvirt/apis/v1alpha1/zz_generated.deepcopy.go:2012.20,2016.3 3 0
github.com/rossigee/provider-libvirt/apis/v1alpha1/zz_generated.deepcopy.go:2020.60,2021.15 1 0
github.com/rossigee/provider-libvirt/apis/v1alpha1/zz_generated.deepcopy.go:2021.15,2023.3 1 0
github.com/rossigee/provider-libvirt/apis/v1alpha1/zz_generated.deepcopy.go:2024.2,2026.12 3 0
github.com/rossigee/provider-libvirt/apis/v1alpha1/zz_generated.deepcopy.go:2030.65,2032.26 2 0
github.com/rossigee/provider-libvirt/apis/v1alpha1/zz_generated.deepcopy.go:2032.26,2036.3 3 0
github.com/rossigee/provider-libvirt/apis/v1alpha1/zz_generated.deepcopy.go:2037.2,2037.22 1 0
github.com/rossigee/provider-libvirt/apis/v1alpha1/zz_generated.deepcopy.go:2037.22,2041.3 3 0
github.com/rossigee/provider-libvirt/apis/v1alpha1/zz_generated.deepcopy.go:2045.58,2046.15 1 0
github.com/rossigee/provider-libvirt/apis/v1alpha1/zz_generated.deepcopy.go:2046.15,2048.3 1 0
github.com/rossigee/provider-libvirt/apis/v1alpha1/zz_generated.deepcopy.go:2049.2,2051.12 3 0
github.com/rossigee/provider-libvirt/apis/v1alpha1/zz_generated.deepcopy.go:2055.57,2057.2 1 0
github.com/rossigee/provider-libvirt/apis/v1alpha1/zz_generated.deepcopy.go:2060.50,2061.15 1 0
github.com/rossigee/provider-libvirt/apis/v1alpha1/zz_generated.deepcopy.go:2061.15,2063.3 1 0
github.com/rossigee/provider-libvirt/apis/v1alpha1/zz_generated.deepcopy.go:2064.2,2066.12 3 0
github.com/rossigee/provider-libvirt/apis/v1alpha1/zz_generated.deepcopy.go:2070.53,2074.2 3 0
github.com/rossigee/provider-libvirt/apis/v1alpha1/zz_generated.deepcopy.go:2077.46,2078.15 1 0
github.com/rossigee/provider-libvirt/apis/v1alpha1/zz_generated.deepcopy.go:2078.15,2080.3 1 0
github.com/rossigee/provider-libvirt/apis/v1alpha1/zz_generated.deepcopy.go:2081.2,2083.12 3 0
github.com/rossigee/provider-libvirt/apis/v1alpha1/zz_generated.deepcopy.go:2087.57,2091.2 3 0
github.com/rossigee/provider-libvirt/apis/v1alpha1/zz_generated.deepcopy.go:2094.50,2095.15 1 0
github.com/rossigee/provider-libvirt/apis/v1alpha1/zz_generated.deepcopy.go:2095.15,2097.3 1 0
github.com/rossigee/provider-libvirt/apis/v1alpha1/zz_generated.deepcopy.go:2098.2,2100.12 3 0
github.com/rossigee/provider-libvirt/apis/v1alpha1/zz_generated.deepcopy.go:2104.57,2106.27 2 0
github.com/rossigee/provider-libvirt/apis/v1alpha1/zz_generated.deepcopy.go:2106.27,2110.3 3 0
github.com/rossigee/provider-libvirt/apis/v1alpha1/zz_generated.deepcopy.go:2111.2,2111.26 1 0
github.com/rossigee/provider-libvirt/apis/v1alpha1/zz_generated.deepcopy.go:2111.26,2115.3 3 0
github.com/rossigee/provider-libvirt/apis/v1alpha1/zz_generated.deepcopy.go:2116.2,2116.24 1 0
github.com/rossigee/provider-libvirt/apis/v1alpha1/zz_generated.deepcopy.go:2116.24,2120.3 3 0
github.com/rossigee/provider-libvirt/apis/v1alpha1/zz_generated.deepcopy.go:2124.50,2125.15 1 0
github.com/rossigee/provider-libvirt/apis/v1alpha1/zz_generated.deepcopy.go:2125.15,2127.3 1 0
github.com/rossigee/provider-libvirt/apis/v1alpha1/zz_generated.deepcopy.go:2128.2,2130.12 3 0
github.com/rossigee/provider-libvirt/apis/v1alpha1/zz_generated.deepcopy.go:2134.65,2136.21 2 0
github.com/rossigee/provider-libvirt/apis/v1alpha1/zz_generated.deepcopy.go:2136.21,2139.3 2 0
github.com/rossigee/provider-libvirt/apis/v1alpha1/zz_generated.deepcopy.go:2140.2,2140.21 1 0
github.com/rossigee/provider-libvirt/apis/v1alpha1/zz_generated.deepcopy.go:2140.21,2143.3 2 0
github.com/rossigee/provider-libvirt/apis/v1alpha1/zz_generated.deepcopy.go:2144.2,2144.21 1 0
github.com/rossigee/provider-libvirt/apis/v1alpha1/zz_generated.deepcopy.go:2144.21,2147.3 2 0
github.com/rossigee/provider-libvirt/apis/v1alpha1/zz_generated.deepcopy.go:2151.58,2152.15 1 0
github.com/rossigee/provider-libvirt/apis/v1alpha1/zz_generated.deepcopy.go:2152.15,2154.3 1 0
github.com/rossigee/provider-libvirt/apis/v1alpha1/zz_generated.deepcopy.go:2155.2,2157.12 3 0
github.com/rossigee/provider-libvirt/cmd/provider/main.go:26.13,35.12 5 0
github.com/rossigee/provider-libvirt/cmd/provider/main.go:35.12,37.3 1 0
github.com/rossigee/provider-libvirt/cmd/provider/main.go:39.2,61.95 13 0
github.com/rossigee/provider-libvirt/internal/clients/libvirt.go:58.39,59.22 1 1
github.com/rossigee/provider-libvirt/internal/clients/libvirt.go:59.22,60.48 1 0
github.com/rossigee/provider-libvirt/internal/clients/libvirt.go:60.48,62.4 1 0
github.com/rossigee/provider-libvirt/internal/clients/libvirt.go:64.2,64.19 1 1
github.com/rossigee/provider-libvirt/internal/clients/libvirt.go:64.19,66.3 1 1
github.com/rossigee/provider-libvirt/internal/clients/libvirt.go:67.2,67.12 1 1
github.com/rossigee/provider-libvirt/internal/clients/libvirt.go:71.109,73.22 2 1
github.com/rossigee/provider-libvirt/internal/clients/libvirt.go:73.22,75.3 1 1
github.com/rossigee/provider-libvirt/internal/clients/libvirt.go:77.2,78.86 2 1
github.com/rossigee/provider-libvirt/internal/clients/libvirt.go:78.86,80.3 1 1
github.com/rossigee/provider-libvirt/internal/clients/libvirt.go:83.2,84.41 2 1
github.com/rossigee/provider-libvirt/internal/clients/libvirt.go:84.41,86.3 1 1
github.com/rossigee/provider-libvirt/internal/clients/libvirt.go:89.2,90.16 2 0
github.com/rossigee/provider-libvirt/internal/clients/libvirt.go:90.16,92.3 1 0
github.com/rossigee/provider-libvirt/internal/clients/libvirt.go:94.2,95.53 2 0
github.com/rossigee/provider-libvirt/internal/clients/libvirt.go:95.53,97.3 1 0
github.com/rossigee/provider-libvirt/internal/clients/libvirt.go:99.2,100.9 2 0
github.com/rossigee/provider-libvirt/internal/clients/libvirt.go:100.9,102.3 1 0
github.com/rossigee/provider-libvirt/internal/clients/libvirt.go:105.2,106.16 2 0
github.com/rossigee/provider-libvirt/internal/clients/libvirt.go:106.16,108.3 1 0
github.com/rossigee/provider-libvirt/internal/clients/libvirt.go:110.2,114.8 1 0
github.com/rossigee/provider-libvirt/internal/clients/libvirt.go:118.53,120.16 2 1
github.com/rossigee/provider-libvirt/internal/clients/libvirt.go:120.16,122.3 1 0
github.com/rossigee/provider-libvirt/internal/clients/libvirt.go:124.2,124.26 1 1
github.com/rossigee/provider-libvirt/internal/clients/libvirt.go:125.18,130.35 2 1
github.com/rossigee/provider-libvirt/internal/clients/libvirt.go:130.35,132.4 1 1
github.com/rossigee/provider-libvirt/internal/clients/libvirt.go:136.3,136.31 1 1
github.com/rossigee/provider-libvirt/internal/clients/libvirt.go:138.18,141.35 2 1
github.com/rossigee/provider-libvirt/internal/clients/libvirt.go:141.35,143.4 1 1
github.com/rossigee/provider-libvirt/internal/clients/libvirt.go:144.3,144.31 1 1
github.com/rossigee/provider-libvirt/internal/clients/libvirt.go:146.19,149.17 2 1
github.com/rossigee/provider-libvirt/internal/clients/libvirt.go:149.17,151.4 1 0
github.com/rossigee/provider-libvirt/internal/clients/libvirt.go:152.3,152.32 1 1
github.com/rossigee/provider-libvirt/internal/clients/libvirt.go:154.10,155.81 1 1
github.com/rossigee/provider-libvirt/internal/clients/libvirt.go:160.73,162.9 2 0
github.com/rossigee/provider-libvirt/internal/clients/libvirt.go:162.9,164.3 1 0
github.com/rossigee/provider-libvirt/internal/clients/libvirt.go:166.2,167.16 2 0
github.com/rossigee/provider-libvirt/internal/clients/libvirt.go:167.16,169.3 1 0
github.com/rossigee/provider-libvirt/internal/clients/libvirt.go:171.2,175.8 1 0
github.com/rossigee/provider-libvirt/internal/clients/libvirt.go:179.156,181.16 2 0
github.com/rossigee/provider-libvirt/internal/clients/libvirt.go:181.16,183.3 1 0
github.com/rossigee/provider-libvirt/internal/clients/libvirt.go:185.2,186.53 2 0
github.com/rossigee/provider-libvirt/internal/clients/libvirt.go:186.53,188.3 1 0
github.com/rossigee/provider-libvirt/internal/clients/libvirt.go:190.2,190.19 1 0
github.com/rossigee/provider-libvirt/internal/clients/libvirt.go:194.33,195.16 1 0
github.com/rossigee/provider-libvirt/internal/clients/libvirt.go:195.16,197.3 1 0
github.com/rossigee/provider-libvirt/internal/clients/libvirt.go:199.2,207.45 2 0
github.com/rossigee/provider-libvirt/internal/clients/libvirt.go:211.41,218.2 1 0
github.com/rossigee/provider-libvirt/internal/controller/storagepool/storagepool.go:44.54,67.2 4 0
github.com/rossigee/provider-libvirt/internal/controller/storagepool/storagepool.go:82.103,84.9 2 0
github.com/rossigee/provider-libvirt/internal/controller/storagepool/storagepool.go:84.9,86.3 1 0
github.com/rossigee/provider-libvirt/internal/controller/storagepool/storagepool.go:88.2,88.47 1 0
github.com/rossigee/provider-libvirt/internal/controller/storagepool/storagepool.go:88.47,90.3 1 0
github.com/rossigee/provider-libvirt/internal/controller/storagepool/storagepool.go:92.2,93.16 2 0
github.com/rossigee/provider-libvirt/internal/controller/storagepool/storagepool.go:93.16,95.3 1 0
github.com/rossigee/provider-libvirt/internal/controller/storagepool/storagepool.go:97.2,97.51 1 0
github.com/rossigee/provider-libvirt/internal/controller/storagepool/storagepool.go:107.107,109.9 2 0
github.com/rossigee/provider-libvirt/internal/controller/storagepool/storagepool.go:109.9,111.3 1 0
github.com/rossigee/provider-libvirt/internal/controller/storagepool/storagepool.go:114.2,115.20 2 0
github.com/rossigee/provider-libvirt/internal/controller/storagepool/storagepool.go:115.20,118.3 2 0
github.com/rossigee/provider-libvirt/internal/controller/storagepool/storagepool.go:121.2,122.16 2 0
github.com/rossigee/provider-libvirt/internal/controller/storagepool/storagepool.go:122.16,124.33 1 0
github.com/rossigee/provider-libvirt/internal/controller/storagepool/storagepool.go:124.33,128.4 1 0
github.com/rossigee/provider-libvirt/internal/controller/storagepool/storagepool.go:129.3,129.81 1 0
github.com/rossigee/provider-libvirt/internal/controller/storagepool/storagepool.go:133.2,134.16 2 0
github.com/rossigee/provider-libvirt/internal/controller/storagepool/storagepool.go:134.16,136.3 1 0
github.com/rossigee/provider-libvirt/internal/controller/storagepool/storagepool.go:138.2,139.16 2 0
github.com/rossigee/provider-libvirt/internal/controller/storagepool/storagepool.go:139.16,141.3 1 0
github.com/rossigee/provider-libvirt/internal/controller/storagepool/storagepool.go:143.2,144.16 2 0
github.com/rossigee/provider-libvirt/internal/controller/storagepool/storagepool.go:144.16,146.3 1 0
github.com/rossigee/provider-libvirt/internal/controller/storagepool/storagepool.go:149.2,150.16 2 0
github.com/rossigee/provider-libvirt/internal/controller/storagepool/storagepool.go:150.16,152.3 1 0
github.com/rossigee/provider-libvirt/internal/controller/storagepool/storagepool.go:161.2,162.17 2 0
github.com/rossigee/provider-libvirt/internal/controller/storagepool/storagepool.go:162.17,164.17 2 0
github.com/rossigee/provider-libvirt/internal/controller/storagepool/storagepool.go:164.17,166.4 1 0
github.com/rossigee/provider-libvirt/internal/controller/storagepool/storagepool.go:170.2,189.8 12 0
github.com/rossigee/provider-libvirt/internal/controller/storagepool/storagepool.go:192.103,194.9 2 0
github.com/rossigee/provider-libvirt/internal/controller/storagepool/storagepool.go:194.9,196.3 1 0
github.com/rossigee/provider-libvirt/internal/controller/storagepool/storagepool.go:198.2,202.16 3 0
github.com/rossigee/provider-libvirt/internal/controller/storagepool/storagepool.go:202.16,204.3 1 0
github.com/rossigee/provider-libvirt/internal/controller/storagepool/storagepool.go:207.2,208.16 2 0
github.com/rossigee/provider-libvirt/internal/controller/storagepool/storagepool.go:208.16,210.3 1 0
github.com/rossigee/provider-libvirt/internal/controller/storagepool/storagepool.go:213.2,217.36 3 0
github.com/rossigee/provider-libvirt/internal/controller/storagepool/storagepool.go:217.36,219.17 2 0
github.com/rossigee/provider-libvirt/internal/controller/storagepool/storagepool.go:219.17,221.4 1 0
github.com/rossigee/provider-libvirt/internal/controller/storagepool/storagepool.go:225.2,225.45 1 0
github.com/rossigee/provider-libvirt/internal/controller/storagepool/storagepool.go:225.45,227.17 2 0
github.com/rossigee/provider-libvirt/internal/controller/storagepool/storagepool.go:227.17,229.4 1 0
github.com/rossigee/provider-libvirt/internal/controller/storagepool/storagepool.go:233.2,233.36 1 0
github.com/rossigee/provider-libvirt/internal/controller/storagepool/storagepool.go:233.36,235.17 2 0
github.com/rossigee/provider-libvirt/internal/controller/storagepool/storagepool.go:235.17,237.4 1 0
github.com/rossigee/provider-libvirt/internal/controller/storagepool/storagepool.go:240.2,240.40 1 0
github.com/rossigee/provider-libvirt/internal/controller/storagepool/storagepool.go:243.101,245.9 2 0
github.com/rossigee/provider-libvirt/internal/controller/storagepool/storagepool.go:245.9,247.3 1 0
github.com/rossigee/provider-libvirt/internal/controller/storagepool/storagepool.go:253.2,255.16 3 0
github.com/rossigee/provider-libvirt/internal/controller/storagepool/storagepool.go:255.16,257.3 1 0
github.com/rossigee/provider-libvirt/internal/controller/storagepool/storagepool.go:260.2,261.16 2 0
github.com/rossigee/provider-libvirt/internal/controller/storagepool/storagepool.go:261.16,263.3 1 0
github.com/rossigee/provider-libvirt/internal/controller/storagepool/storagepool.go:265.2,266.29 2 0
github.com/rossigee/provider-libvirt/internal/controller/storagepool/storagepool.go:266.29,267.100 1 0
github.com/rossigee/provider-libvirt/internal/controller/storagepool/storagepool.go:267.100,269.25 2 0
github.com/rossigee/provider-libvirt/internal/controller/storagepool/storagepool.go:269.25,271.5 1 0
github.com/rossigee/provider-libvirt/internal/controller/storagepool/storagepool.go:272.4,273.18 2 0
github.com/rossigee/provider-libvirt/internal/controller/storagepool/storagepool.go:273.18,275.5 1 0
github.com/rossigee/provider-libvirt/internal/controller/storagepool/storagepool.go:280.2,281.16 2 0
github.com/rossigee/provider-libvirt/internal/controller/storagepool/storagepool.go:281.16,283.3 1 0
github.com/rossigee/provider-libvirt/internal/controller/storagepool/storagepool.go:285.2,285.65 1 0
github.com/rossigee/provider-libvirt/internal/controller/storagepool/storagepool.go:285.65,288.17 2 0
github.com/rossigee/provider-libvirt/internal/controller/storagepool/storagepool.go:288.17,290.4 1 0
github.com/rossigee/provider-libvirt/internal/controller/storagepool/storagepool.go:291.8,291.73 1 0
github.com/rossigee/provider-libvirt/internal/controller/storagepool/storagepool.go:291.73,294.17 2 0
github.com/rossigee/provider-libvirt/internal/controller/storagepool/storagepool.go:294.17,296.4 1 0
github.com/rossigee/provider-libvirt/internal/controller/storagepool/storagepool.go:299.2,299.38 1 0
github.com/rossigee/provider-libvirt/internal/controller/storagepool/storagepool.go:302.75,304.9 2 0
github.com/rossigee/provider-libvirt/internal/controller/storagepool/storagepool.go:304.9,306.3 1 0
github.com/rossigee/provider-libvirt/internal/controller/storagepool/storagepool.go:308.2,312.16 4 0
github.com/rossigee/provider-libvirt/internal/controller/storagepool/storagepool.go:312.16,313.33 1 0
github.com/rossigee/provider-libvirt/internal/controller/storagepool/storagepool.go:313.33,315.4 1 0
github.com/rossigee/provider-libvirt/internal/controller/storagepool/storagepool.go:316.3,316.48 1 0
github.com/rossigee/provider-libvirt/internal/controller/storagepool/storagepool.go:320.2,321.16 2 0
github.com/rossigee/provider-libvirt/internal/controller/storagepool/storagepool.go:321.16,323.3 1 0
github.com/rossigee/provider-libvirt/internal/controller/storagepool/storagepool.go:325.2,325.17 1 0
github.com/rossigee/provider-libvirt/internal/controller/storagepool/storagepool.go:325.17,327.17 2 0
github.com/rossigee/provider-libvirt/internal/controller/storagepool/storagepool.go:327.17,329.4 1 0
github.com/rossigee/provider-libvirt/internal/controller/storagepool/storagepool.go:333.2,334.16 2 0
github.com/rossigee/provider-libvirt/internal/controller/storagepool/storagepool.go:334.16,336.3 1 0
github.com/rossigee/provider-libvirt/internal/controller/storagepool/storagepool.go:338.2,338.12 1 0
github.com/rossigee/provider-libvirt/internal/controller/storagepool/storagepool.go:343.44,346.2 1 1
github.com/rossigee/provider-libvirt/internal/controller/storagepool/storagepool.go:348.70,349.15 1 1
github.com/rossigee/provider-libvirt/internal/controller/storagepool/storagepool.go:350.35,351.20 1 1
github.com/rossigee/provider-libvirt/internal/controller/storagepool/storagepool.go:352.35,353.20 1 0
github.com/rossigee/provider-libvirt/internal/controller/storagepool/storagepool.go:354.34,355.18 1 1
github.com/rossigee/provider-libvirt/internal/controller/storagepool/storagepool.go:356.35,357.20 1 0
github.com/rossigee/provider-libvirt/internal/controller/storagepool/storagepool.go:358.39,359.24 1 0
github.com/rossigee/provider-libvirt/internal/controller/storagepool/storagepool.go:360.10,361.19 1 0
github.com/rossigee/provider-libvirt/internal/controller/storagepool/storagepool.go:365.86,368.29 2 1
github.com/rossigee/provider-libvirt/internal/controller/storagepool/storagepool.go:368.29,369.86 1 1
github.com/rossigee/provider-libvirt/internal/controller/storagepool/storagepool.go:369.86,371.4 1 1
github.com/rossigee/provider-libvirt/internal/controller/storagepool/storagepool.go:375.2,375.65 1 1
github.com/rossigee/provider-libvirt/internal/controller/storagepool/storagepool.go:375.65,377.3 1 0
github.com/rossigee/provider-libvirt/internal/controller/storagepool/storagepool.go:377.8,377.73 1 1
github.com/rossigee/provider-libvirt/internal/controller/storagepool/storagepool.go:377.73,379.3 1 0
github.com/rossigee/provider-libvirt/internal/controller/storagepool/storagepool.go:382.2,382.13 1 1
github.com/rossigee/provider-libvirt/internal/controller/storagepool/storagepool.go:385.116,390.39 5 0
github.com/rossigee/provider-libvirt/internal/controller/storagepool/storagepool.go:390.39,392.3 1 0
github.com/rossigee/provider-libvirt/internal/controller/storagepool/storagepool.go:393.2,393.11 1 0
github.com/rossigee/provider-libvirt/internal/controller/storagepool/storagepool.go:396.46,402.17 2 0
github.com/rossigee/provider-libvirt/internal/controller/storagepool/storagepool.go:402.17,404.3 1 0
github.com/rossigee/provider-libvirt/internal/controller/storagepool/storagepool.go:406.2,408.15 3 0
github.com/rossigee/provider-libvirt/internal/controller/storagepool/storagepool.go:408.15,410.3 1 0
github.com/rossigee/provider-libvirt/internal/controller/storagepool/storagepool.go:412.2,412.31 1 0
github.com/rossigee/provider-libvirt/internal/controller/storagepool/storagepool.go:415.130,417.37 2 1
github.com/rossigee/provider-libvirt/internal/controller/storagepool/storagepool.go:417.37,420.17 2 0
github.com/rossigee/provider-libvirt/internal/controller/storagepool/storagepool.go:420.17,422.12 1 0
github.com/rossigee/provider-libvirt/internal/controller/storagepool/storagepool.go:426.3,427.17 2 0
github.com/rossigee/provider-libvirt/internal/controller/storagepool/storagepool.go:427.17,429.4 1 0
github.com/rossigee/provider-libvirt/internal/controller/storagepool/storagepool.go:431.3,438.4 1 0
github.com/rossigee/provider-libvirt/internal/controller/storagepool/storagepool.go:440.2,440.16 1 1
github.com/rossigee/provider-libvirt/internal/controller/storagepool/storagepool.go:443.68,444.17 1 0
github.com/rossigee/provider-libvirt/internal/controller/storagepool/storagepool.go:445.30,446.16 1 0
github.com/rossigee/provider-libvirt/internal/controller/storagepool/storagepool.go:447.31,448.17 1 0
github.com/rossigee/provider-libvirt/internal/controller/storagepool/storagepool.go:449.29,450.15 1 0
github.com/rossigee/provider-libvirt/internal/controller/storagepool/storagepool.go:451.33,452.19 1 0
github.com/rossigee/provider-libvirt/internal/controller/storagepool/storagepool.go:453.32,454.18 1 0
github.com/rossigee/provider-libvirt/internal/controller/storagepool/storagepool.go:455.31,456.17 1 0
github.com/rossigee/provider-libvirt/internal/controller/storagepool/storagepool.go:457.10,458.19 1 0
github.com/rossigee/provider-libvirt/internal/controller/storagepool/storagepool.go:462.42,464.18 1 1
github.com/rossigee/provider-libvirt/internal/controller/storagepool/storagepool.go:465.31,466.14 1 1
github.com/rossigee/provider-libvirt/internal/controller/storagepool/storagepool.go:467.10,468.15 1 1
github.com/rossigee/provider-libvirt/internal/controller/storagepool/storagepool.go:472.71,479.37 3 1
github.com/rossigee/provider-libvirt/internal/controller/storagepool/storagepool.go:479.37,481.3 1 0
github.com/rossigee/provider-libvirt/internal/controller/storagepool/storagepool.go:484.2,484.26 1 1
github.com/rossigee/provider-libvirt/internal/controller/storagepool/storagepool.go:484.26,486.3 1 0
github.com/rossigee/provider-libvirt/internal/controller/storagepool/storagepool.go:489.2,489.24 1 1
github.com/rossigee/provider-libvirt/internal/controller/storagepool/storagepool.go:489.24,494.37 3 1
github.com/rossigee/provider-libvirt/internal/controller/storagepool/storagepool.go:494.37,496.44 2 1
[...]
github.com/rossigee/provider-libvirt/internal/controller/domain/domain.go:347.61,349.2 1 1
github.com/rossigee/provider-libvirt/internal/controller/domain/domain.go:351.91,359.22 3 1
github.com/rossigee/provider-libvirt/internal/controller/domain/domain.go:359.22,361.3 1 1
github.com/rossigee/provider-libvirt/internal/controller/domain/domain.go:363.2,364.16 2 1
github.com/rossigee/provider-libvirt/internal/controller/domain/domain.go:364.16,366.3 1 1
github.com/rossigee/provider-libvirt/internal/controller/domain/domain.go:368.2,378.24 2 1
github.com/rossigee/provider-libvirt/internal/controller/domain/domain.go:378.24,379.34 1 1
github.com/rossigee/provider-libvirt/internal/controller/domain/domain.go:379.34,381.4 1 1
github.com/rossigee/provider-libvirt/internal/controller/domain/domain.go:382.8,384.3 1 1
github.com/rossigee/provider-libvirt/internal/controller/domain/domain.go:386.2,412.33 3 1
github.com/rossigee/provider-libvirt/internal/controller/domain/domain.go:412.33,414.21 2 1
github.com/rossigee/provider-libvirt/internal/controller/domain/domain.go:414.21,416.4 1 1
github.com/rossigee/provider-libvirt/internal/controller/domain/domain.go:419.3,420.19 2 1
github.com/rossigee/provider-libvirt/internal/controller/domain/domain.go:420.19,422.4 1 1
github.com/rossigee/provider-libvirt/internal/controller/domain/domain.go:425.3,426.17 2 1
github.com/rossigee/provider-libvirt/internal/controller/domain/domain.go:426.17,428.4 1 0
github.com/rossigee/provider-libvirt/internal/controller/domain/domain.go:430.3,437.21 2 1
github.com/rossigee/provider-libvirt/internal/controller/domain/domain.go:437.21,440.4 1 0
github.com/rossigee/provider-libvirt/internal/controller/domain/domain.go:443.3,443.28 1 1
github.com/rossigee/provider-libvirt/internal/controller/domain/domain.go:443.28,446.4 1 0
github.com/rossigee/provider-libvirt/internal/controller/domain/domain.go:448.3,449.13 1 1
github.com/rossigee/provider-libvirt/internal/controller/domain/domain.go:453.2,453.46 1 1
github.com/rossigee/provider-libvirt/internal/controller/domain/domain.go:453.46,455.18 2 1
github.com/rossigee/provider-libvirt/internal/controller/domain/domain.go:455.18,457.4 1 1
github.com/rossigee/provider-libvirt/internal/controller/domain/domain.go:460.3,461.17 2 1
github.com/rossigee/provider-libvirt/internal/controller/domain/domain.go:461.17,463.4 1 0
github.com/rossigee/provider-libvirt/internal/controller/domain/domain.go:465.3,469.33 2 1
github.com/rossigee/provider-libvirt/internal/controller/domain/domain.go:469.33,472.4 1 1
github.com/rossigee/provider-libvirt/internal/controller/domain/domain.go:472.9,472.39 1 0
github.com/rossigee/provider-libvirt/internal/controller/domain/domain.go:472.39,475.4 1 0
github.com/rossigee/provider-libvirt/internal/controller/domain/domain.go:477.3,480.22 2 1
github.com/rossigee/provider-libvirt/internal/controller/domain/domain.go:480.22,483.4 1 1
github.com/rossigee/provider-libvirt/internal/controller/domain/domain.go:485.3,486.18 1 1
github.com/rossigee/provider-libvirt/internal/controller/domain/domain.go:490.2,490.25 1 1
github.com/rossigee/provider-libvirt/internal/controller/domain/domain.go:490.25,492.24 2 1
github.com/rossigee/provider-libvirt/internal/controller/domain/domain.go:492.24,494.4 1 0
github.com/rossigee/provider-libvirt/internal/controller/domain/domain.go:496.3,499.30 1 1
github.com/rossigee/provider-libvirt/internal/controller/domain/domain.go:503.2,503.26 1 1
github.com/rossigee/provider-libvirt/internal/controller/domain/domain.go:503.26,505.25 2 1
github.com/rossigee/provider-libvirt/internal/controller/domain/domain.go:505.25,507.4 1 1
github.com/rossigee/provider-libvirt/internal/controller/domain/domain.go:509.3,510.23 2 1
github.com/rossigee/provider-libvirt/internal/controller/domain/domain.go:510.23,512.4 1 1
github.com/rossigee/provider-libvirt/internal/controller/domain/domain.go:514.3,515.30 2 1
github.com/rossigee/provider-libvirt/internal/controller/domain/domain.go:515.30,517.4 1 1
github.com/rossigee/provider-libvirt/internal/controller/domain/domain.go:519.3,522.54 1 1
github.com/rossigee/provider-libvirt/internal/controller/domain/domain.go:525.2,529.17 2 1
github.com/rossigee/provider-libvirt/internal/controller/domain/domain.go:533.86,535.27 1 1
github.com/rossigee/provider-libvirt/internal/controller/domain/domain.go:535.27,536.18 1 0
github.com/rossigee/provider-libvirt/internal/controller/domain/domain.go:536.18,538.4 1 0
github.com/rossigee/provider-libvirt/internal/controller/domain/domain.go:540.3,545.17 3 0
github.com/rossigee/provider-libvirt/internal/controller/domain/domain.go:545.17,547.4 1 0
github.com/rossigee/provider-libvirt/internal/controller/domain/domain.go:550.3,550.74 1 0
github.com/rossigee/provider-libvirt/internal/controller/domain/domain.go:550.74,552.4 1 0
github.com/rossigee/provider-libvirt/internal/controller/domain/domain.go:555.3,555.42 1 0
github.com/rossigee/provider-libvirt/internal/controller/domain/domain.go:555.42,557.4 1 0
github.com/rossigee/provider-libvirt/internal/controller/domain/domain.go:559.3,559.82 1 0
github.com/rossigee/provider-libvirt/internal/controller/domain/domain.go:563.2,563.25 1 1
github.com/rossigee/provider-libvirt/internal/controller/domain/domain.go:563.25,568.17 3 0
github.com/rossigee/provider-libvirt/internal/controller/domain/domain.go:568.17,570.4 1 0
github.com/rossigee/provider-libvirt/internal/controller/domain/domain.go:572.3,572.42 1 0
github.com/rossigee/provider-libvirt/internal/controller/domain/domain.go:572.42,574.4 1 0
github.com/rossigee/provider-libvirt/internal/controller/domain/domain.go:576.3,576.76 1 0
github.com/rossigee/provider-libvirt/internal/controller/domain/domain.go:580.2,580.21 1 1
github.com/rossigee/provider-libvirt/internal/controller/domain/domain.go:580.21,582.3 1 1
github.com/rossigee/provider-libvirt/internal/controller/domain/domain.go:584.2,584.91 1 0
github.com/rossigee/provider-libvirt/internal/controller/domain/domain.go:588.110,590.29 1 1
github.com/rossigee/provider-libvirt/internal/controller/domain/domain.go:590.29,591.18 1 0
github.com/rossigee/provider-libvirt/internal/controller/domain/domain.go:591.18,593.4 1 0
github.com/rossigee/provider-libvirt/internal/controller/domain/domain.go:595.3,600.17 3 0
github.com/rossigee/provider-libvirt/internal/controller/domain/domain.go:600.17,602.4 1 0
github.com/rossigee/provider-libvirt/internal/controller/domain/domain.go:605.3,605.75 1 0
github.com/rossigee/provider-libvirt/internal/controller/domain/domain.go:605.75,607.4 1 0
github.com/rossigee/provider-libvirt/internal/controller/domain/domain.go:610.3,611.24 2 0
github.com/rossigee/provider-libvirt/internal/controller/domain/domain.go:611.24,613.4 1 0
github.com/rossigee/provider-libvirt/internal/controller/domain/domain.go:616.3,617.48 2 0
github.com/rossigee/provider-libvirt/internal/controller/domain/domain.go:617.48,619.4 1 0
github.com/rossigee/provider-libvirt/internal/controller/domain/domain.go:621.3,621.41 1 0
github.com/rossigee/provider-libvirt/internal/controller/domain/domain.go:625.2,625.24 1 1
github.com/rossigee/provider-libvirt/internal/controller/domain/domain.go:625.24,627.3 1 0
github.com/rossigee/provider-libvirt/internal/controller/domain/domain.go:630.2,630.29 1 1
github.com/rossigee/provider-libvirt/internal/controller/domain/domain.go:630.29,632.3 1 1
github.com/rossigee/provider-libvirt/internal/controller/domain/domain.go:634.2,634.104 1 0
github.com/rossigee/provider-libvirt/internal/controller/volume/volume.go:42.54,65.2 4 0
github.com/rossigee/provider-libvirt/internal/controller/volume/volume.go:80.103,82.9 2 0
github.com/rossigee/provider-libvirt/internal/controller/volume/volume.go:82.9,84.3 1 0
github.com/rossigee/provider-libvirt/internal/controller/volume/volume.go:86.2,86.47 1 0
github.com/rossigee/provider-libvirt/internal/controller/volume/volume.go:86.47,88.3 1 0
github.com/rossigee/provider-libvirt/internal/controller/volume/volume.go:90.2,91.16 2 0
github.com/rossigee/provider-libvirt/internal/controller/volume/volume.go:91.16,93.3 1 0
github.com/rossigee/provider-libvirt/internal/controller/volume/volume.go:95.2,95.51 1 0
github.com/rossigee/provider-libvirt/internal/controller/volume/volume.go:105.107,107.9 2 0
github.com/rossigee/provider-libvirt/internal/controller/volume/volume.go:107.9,109.3 1 0
github.com/rossigee/provider-libvirt/internal/controller/volume/volume.go:112.2,113.22 2 0
github.com/rossigee/provider-libvirt/internal/controller/volume/volume.go:113.22,116.3 2 0
github.com/rossigee/provider-libvirt/internal/controller/volume/volume.go:119.2,121.16 3 0
github.com/rossigee/provider-libvirt/internal/controller/volume/volume.go:121.16,123.3 1 0
github.com/rossigee/provider-libvirt/internal/controller/volume/volume.go:126.2,127.16 2 0
github.com/rossigee/provider-libvirt/internal/controller/volume/volume.go:127.16,129.28 1 0
github.com/rossigee/provider-libvirt/internal/controller/volume/volume.go:129.28,133.4 1 0
github.com/rossigee/provider-libvirt/internal/controller/volume/volume.go:134.3,134.76 1 0
github.com/rossigee/provider-libvirt/internal/controller/volume/volume.go:138.2,139.16 2 0
github.com/rossigee/provider-libvirt/internal/controller/volume/volume.go:139.16,141.3 1 0
github.com/rossigee/provider-libvirt/internal/controller/volume/volume.go:144.2,145.16 2 0
github.com/rossigee/provider-libvirt/internal/controller/volume/volume.go:145.16,147.3 1 0
github.com/rossigee/provider-libvirt/internal/controller/volume/volume.go:150.2,169.8 10 0
github.com/rossigee/provider-libvirt/internal/controller/volume/volume.go:172.103,174.9 2 0
github.com/rossigee/provider-libvirt/internal/controller/volume/volume.go:174.9,176.3 1 0
github.com/rossigee/provider-libvirt/internal/controller/volume/volume.go:178.2,183.16 4 0
github.com/rossigee/provider-libvirt/internal/controller/volume/volume.go:183.16,185.3 1 0
github.com/rossigee/provider-libvirt/internal/controller/volume/volume.go:188.2,189.16 2 0
github.com/rossigee/provider-libvirt/internal/controller/volume/volume.go:189.16,191.3 1 0
github.com/rossigee/provider-libvirt/internal/controller/volume/volume.go:194.2,195.16 2 0
github.com/rossigee/provider-libvirt/internal/controller/volume/volume.go:195.16,197.3 1 0
github.com/rossigee/provider-libvirt/internal/controller/volume/volume.go:200.2,203.39 2 0
github.com/rossigee/provider-libvirt/internal/controller/volume/volume.go:203.39,205.17 2 0
github.com/rossigee/provider-libvirt/internal/controller/volume/volume.go:205.17,209.4 2 0
github.com/rossigee/provider-libvirt/internal/controller/volume/volume.go:212.2,212.40 1 0
github.com/rossigee/provider-libvirt/internal/controller/volume/volume.go:215.101,217.9 2 0
github.com/rossigee/provider-libvirt/internal/controller/volume/volume.go:217.9,219.3 1 0
github.com/rossigee/provider-libvirt/internal/controller/volume/volume.go:225.2,229.16 4 0
github.com/rossigee/provider-libvirt/internal/controller/volume/volume.go:229.16,231.3 1 0
github.com/rossigee/provider-libvirt/internal/controller/volume/volume.go:233.2,234.16 2 0
github.com/rossigee/provider-libvirt/internal/controller/volume/volume.go:234.16,236.3 1 0
github.com/rossigee/provider-libvirt/internal/controller/volume/volume.go:239.2,240.16 2 0
github.com/rossigee/provider-libvirt/internal/controller/volume/volume.go:240.16,242.3 1 0
github.com/rossigee/provider-libvirt/internal/controller/volume/volume.go:244.2,244.52 1 0
github.com/rossigee/provider-libvirt/internal/controller/volume/volume.go:244.52,247.17 2 0
github.com/rossigee/provider-libvirt/internal/controller/volume/volume.go:247.17,249.4 1 0
github.com/rossigee/provider-libvirt/internal/controller/volume/volume.go:252.2,252.38 1 0
github.com/rossigee/provider-libvirt/internal/controller/volume/volume.go:255.75,257.9 2 0
github.com/rossigee/provider-libvirt/internal/controller/volume/volume.go:257.9,259.3 1 0
github.com/rossigee/provider-libvirt/internal/controller/volume/volume.go:261.2,267.16 5 0
github.com/rossigee/provider-libvirt/internal/controller/volume/volume.go:267.16,268.26 1 0
github.com/rossigee/provider-libvirt/internal/controller/volume/volume.go:268.26,270.4 1 0
github.com/rossigee/provider-libvirt/internal/controller/volume/volume.go:271.3,271.43 1 0
github.com/rossigee/provider-libvirt/internal/controller/volume/volume.go:274.2,275.16 2 0
github.com/rossigee/provider-libvirt/internal/controller/volume/volume.go:275.16,276.28 1 0
github.com/rossigee/provider-libvirt/internal/controller/volume/volume.go:276.28,278.4 1 0
github.com/rossigee/provider-libvirt/internal/controller/volume/volume.go:279.3,279.43 1 0
github.com/rossigee/provider-libvirt/internal/controller/volume/volume.go:283.2,284.16 2 0
github.com/rossigee/provider-libvirt/internal/controller/volume/volume.go:284.16,286.3 1 0
github.com/rossigee/provider-libvirt/internal/controller/volume/volume.go:288.2,288.12 1 0
github.com/rossigee/provider-libvirt/internal/controller/volume/volume.go:293.39,296.2 1 1
github.com/rossigee/provider-libvirt/internal/controller/volume/volume.go:298.37,301.2 1 0
github.com/rossigee/provider-libvirt/internal/controller/volume/volume.go:303.68,304.17 1 1
github.com/rossigee/provider-libvirt/internal/controller/volume/volume.go:305.30,306.16 1 1
github.com/rossigee/provider-libvirt/internal/controller/volume/volume.go:307.31,308.17 1 0
github.com/rossigee/provider-libvirt/internal/controller/volume/volume.go:309.29,310.15 1 0
github.com/rossigee/provider-libvirt/internal/controller/volume/volume.go:311.33,312.19 1 0
github.com/rossigee/provider-libvirt/internal/controller/volume/volume.go:313.32,314.18 1 0
github.com/rossigee/provider-libvirt/internal/controller/volume/volume.go:315.31,316.17 1 0
github.com/rossigee/provider-libvirt/internal/controller/volume/volume.go:317.10,318.19 1 0
github.com/rossigee/provider-libvirt/internal/controller/volume/volume.go:322.66,324.53 1 1
github.com/rossigee/provider-libvirt/internal/controller/volume/volume.go:324.53,326.3 1 0
github.com/rossigee/provider-libvirt/internal/controller/volume/volume.go:329.2,329.13 1 1
github.com/rossigee/provider-libvirt/internal/controller/volume/volume.go:332.120,339.2 6 0
github.com/rossigee/provider-libvirt/internal/controller/volume/volume.go:341.55,346.51 1 1
github.com/rossigee/provider-libvirt/internal/controller/volume/volume.go:346.51,348.3 1 1
github.com/rossigee/provider-libvirt/internal/controller/volume/volume.go:348.8,348.56 1 0
github.com/rossigee/provider-libvirt/internal/controller/volume/volume.go:348.56,350.3 1 0
github.com/rossigee/provider-libvirt/internal/controller/volume/volume.go:350.8,350.57 1 0
github.com/rossigee/provider-libvirt/internal/controller/volume/volume.go:350.57,352.3 1 0
github.com/rossigee/provider-libvirt/internal/controller/volume/volume.go:352.8,354.3 1 0
github.com/rossigee/provider-libvirt/internal/controller/volume/volume.go:357.2,358.17 2 1
github.com/rossigee/provider-libvirt/internal/controller/volume/volume.go:358.17,361.16 3 1
github.com/rossigee/provider-libvirt/internal/controller/volume/volume.go:361.16,363.4 1 1
github.com/rossigee/provider-libvirt/internal/controller/volume/volume.go:366.2,366.21 1 1
github.com/rossigee/provider-libvirt/internal/controller/volume/volume.go:369.61,374.18 3 1
github.com/rossigee/provider-libvirt/internal/controller/volume/volume.go:374.18,376.3 1 0
github.com/rossigee/provider-libvirt/internal/controller/volume/volume.go:378.2,379.23 2 1
github.com/rossigee/provider-libvirt/internal/controller/volume/volume.go:379.23,383.3 2 1
github.com/rossigee/provider-libvirt/internal/controller/volume/volume.go:385.2,394.58 2 1
github.com/rossigee/provider-libvirt/internal/controller/volume/volume.go:394.58,397.24 3 0
github.com/rossigee/provider-libvirt/internal/controller/volume/volume.go:397.24,399.4 1 0
github.com/rossigee/provider-libvirt/internal/controller/volume/volume.go:400.3,400.24 1 0
github.com/rossigee/provider-libvirt/internal/controller/volume/volume.go:400.24,402.4 1 0
github.com/rossigee/provider-libvirt/internal/controller/volume/volume.go:403.3,403.23 1 0
github.com/rossigee/provider-libvirt/internal/controller/volume/volume.go:403.23,405.4 1 0
github.com/rossigee/provider-libvirt/internal/controller/volume/volume.go:406.3,406.23 1 0
github.com/rossigee/provider-libvirt/internal/controller/volume/volume.go:406.23,408.4 1 0
github.com/rossigee/provider-libvirt/internal/controller/volume/volume.go:409.3,409.32 1 0
github.com/rossigee/provider-libvirt/internal/controller/volume/volume.go:412.2,415.30 2 1
github.com/rossigee/provider-libvirt/internal/controller/volume/volume.go:415.30,417.26 2 1
github.com/rossigee/provider-libvirt/internal/controller/volume/volume.go:417.26,419.4 1 0
github.com/rossigee/provider-libvirt/internal/controller/volume/volume.go:420.3,424.59 1 1
github.com/rossigee/provider-libvirt/internal/controller/volume/volume.go:428.2,428.28 1 1
github.com/rossigee/provider-libvirt/internal/controller/volume/volume.go:428.28,431.36 2 0
github.com/rossigee/provider-libvirt/internal/controller/volume/volume.go:431.36,435.25 3 0
github.com/rossigee/provider-libvirt/internal/controller/volume/volume.go:435.25,437.5 1 0
github.com/rossigee/provider-libvirt/internal/controller/volume/volume.go:438.4,438.26 1 0
github.com/rossigee/provider-libvirt/internal/controller/volume/volume.go:438.26,440.5 1 0
github.com/rossigee/provider-libvirt/internal/controller/volume/volume.go:441.4,441.15 1 0
github.com/rossigee/provider-libvirt/internal/controller/volume/volume.go:443.3,443.29 1 0
github.com/rossigee/provider-libvirt/internal/controller/volume/volume.go:446.2,448.17 2 1
github.com/rossigee/provider-libvirt/internal/controller/volume/volume.go:451.140,454.25 2 0
github.com/rossigee/provider-libvirt/internal/controller/volume/volume.go:454.25,457.24 2 0
github.com/rossigee/provider-libvirt/internal/controller/volume/volume.go:457.24,460.18 3 0
github.com/rossigee/provider-libvirt/internal/controller/volume/volume.go:460.18,462.5 1 0
github.com/rossigee/provider-libvirt/internal/controller/volume/volume.go:465.3,466.17 2 0
github.com/rossigee/provider-libvirt/internal/controller/volume/volume.go:466.17,468.4 1 0
github.com/rossigee/provider-libvirt/internal/controller/volume/volume.go:471.3,480.17 3 0
github.com/rossigee/provider-libvirt/internal/controller/volume/volume.go:480.17,482.4 1 0
github.com/rossigee/provider-libvirt/internal/controller/volume/volume.go:488.2,488.12 1 0
github.com/rossigee/provider-libvirt/test/test_helpers.go:25.63,44.2 1 1
github.com/rossigee/provider-libvirt/test/test_helpers.go:47.63,64.2 1 1
github.com/rossigee/provider-libvirt/test/test_helpers.go:67.55,87.2 1 1
github.com/rossigee/provider-libvirt/test/test_helpers.go:90.100,92.16 2 1
github.com/rossigee/provider-libvirt/test/test_helpers.go:92.16,94.3 1 1
github.com/rossigee/provider-libvirt/test/test_helpers.go:98.103,101.16 2 1
github.com/rossigee/provider-libvirt/test/test_helpers.go:101.16,103.3 1 0
github.com/rossigee/provider-libvirt/test/test_helpers.go:106.2,106.32 1 1
github.com/rossigee/provider-libvirt/test/test_helpers.go:107.29,111.54 4 1
github.com/rossigee/provider-libvirt/test/test_helpers.go:113.24,119.71 6 1
github.com/rossigee/provider-libvirt/test/test_helpers.go:121.25,125.46 4 1
github.com/rossigee/provider-libvirt/test/test_helpers.go:127.24,131.75 4 1
github.com/rossigee/provider-libvirt/test/test_helpers.go:133.10,134.67 1 0
github.com/rossigee/provider-libvirt/test/test_helpers.go:138.2,139.16 2 1
github.com/rossigee/provider-libvirt/test/test_helpers.go:139.16,141.3 1 1
github.com/rossigee/provider-libvirt/test/test_helpers.go:145.87,184.16 6 1
github.com/rossigee/provider-libvirt/test/test_helpers.go:184.16,186.3 1 0
github.com/rossigee/provider-libvirt/test/test_helpers.go:188.2,189.16 2 1
github.com/rossigee/provider-libvirt/test/test_helpers.go:189.16,191.3 1 0
github.com/rossigee/provider-libvirt/test/test_helpers.go:193.2,193.43 1 1
